[2023-03-17 15:16:35,505] INFO Kafka Connect standalone worker initializing ... (org.apache.kafka.connect.cli.ConnectStandalone:68)
[2023-03-17 15:16:35,517] INFO WorkerInfo values: 
	jvm.args = -Xms256M, -Xmx2G, -XX:+UseG1GC, -XX:MaxGCPauseMillis=20, -XX:InitiatingHeapOccupancyPercent=35, -XX:+ExplicitGCInvokesConcurrent, -XX:MaxInlineLevel=15, -Djava.awt.headless=true, -Dcom.sun.management.jmxremote, -Dcom.sun.management.jmxremote.authenticate=false, -Dcom.sun.management.jmxremote.ssl=false, -Dkafka.logs.dir=/home/sarthak/IITB/GitHub/courses/cs387/labs/lab07/kafka_2.13-3.4.0/bin/../logs, -Dlog4j.configuration=file:bin/../config/connect-log4j.properties
	jvm.spec = Private Build, OpenJDK 64-Bit Server VM, 17.0.6, 17.0.6+10-Ubuntu-0ubuntu120.04.1
	jvm.classpath = /home/sarthak/IITB/GitHub/courses/cs387/labs/lab07/kafka_2.13-3.4.0/bin/../libs/activation-1.1.1.jar:/home/sarthak/IITB/GitHub/courses/cs387/labs/lab07/kafka_2.13-3.4.0/bin/../libs/aopalliance-repackaged-2.6.1.jar:/home/sarthak/IITB/GitHub/courses/cs387/labs/lab07/kafka_2.13-3.4.0/bin/../libs/argparse4j-0.7.0.jar:/home/sarthak/IITB/GitHub/courses/cs387/labs/lab07/kafka_2.13-3.4.0/bin/../libs/audience-annotations-0.5.0.jar:/home/sarthak/IITB/GitHub/courses/cs387/labs/lab07/kafka_2.13-3.4.0/bin/../libs/commons-cli-1.4.jar:/home/sarthak/IITB/GitHub/courses/cs387/labs/lab07/kafka_2.13-3.4.0/bin/../libs/commons-lang3-3.8.1.jar:/home/sarthak/IITB/GitHub/courses/cs387/labs/lab07/kafka_2.13-3.4.0/bin/../libs/connect-api-3.4.0.jar:/home/sarthak/IITB/GitHub/courses/cs387/labs/lab07/kafka_2.13-3.4.0/bin/../libs/connect-basic-auth-extension-3.4.0.jar:/home/sarthak/IITB/GitHub/courses/cs387/labs/lab07/kafka_2.13-3.4.0/bin/../libs/connect-json-3.4.0.jar:/home/sarthak/IITB/GitHub/courses/cs387/labs/lab07/kafka_2.13-3.4.0/bin/../libs/connect-mirror-3.4.0.jar:/home/sarthak/IITB/GitHub/courses/cs387/labs/lab07/kafka_2.13-3.4.0/bin/../libs/connect-mirror-client-3.4.0.jar:/home/sarthak/IITB/GitHub/courses/cs387/labs/lab07/kafka_2.13-3.4.0/bin/../libs/connect-runtime-3.4.0.jar:/home/sarthak/IITB/GitHub/courses/cs387/labs/lab07/kafka_2.13-3.4.0/bin/../libs/connect-transforms-3.4.0.jar:/home/sarthak/IITB/GitHub/courses/cs387/labs/lab07/kafka_2.13-3.4.0/bin/../libs/hk2-api-2.6.1.jar:/home/sarthak/IITB/GitHub/courses/cs387/labs/lab07/kafka_2.13-3.4.0/bin/../libs/hk2-locator-2.6.1.jar:/home/sarthak/IITB/GitHub/courses/cs387/labs/lab07/kafka_2.13-3.4.0/bin/../libs/hk2-utils-2.6.1.jar:/home/sarthak/IITB/GitHub/courses/cs387/labs/lab07/kafka_2.13-3.4.0/bin/../libs/jackson-annotations-2.13.4.jar:/home/sarthak/IITB/GitHub/courses/cs387/labs/lab07/kafka_2.13-3.4.0/bin/../libs/jackson-core-2.13.4.jar:/home/sarthak/IITB/GitHub/courses/cs387/labs/lab07/kafka_2.13-3.4.0/bin/../libs/jackson-databind-2.13.4.2.jar:/home/sarthak/IITB/GitHub/courses/cs387/labs/lab07/kafka_2.13-3.4.0/bin/../libs/jackson-dataformat-csv-2.13.4.jar:/home/sarthak/IITB/GitHub/courses/cs387/labs/lab07/kafka_2.13-3.4.0/bin/../libs/jackson-datatype-jdk8-2.13.4.jar:/home/sarthak/IITB/GitHub/courses/cs387/labs/lab07/kafka_2.13-3.4.0/bin/../libs/jackson-jaxrs-base-2.13.4.jar:/home/sarthak/IITB/GitHub/courses/cs387/labs/lab07/kafka_2.13-3.4.0/bin/../libs/jackson-jaxrs-json-provider-2.13.4.jar:/home/sarthak/IITB/GitHub/courses/cs387/labs/lab07/kafka_2.13-3.4.0/bin/../libs/jackson-module-jaxb-annotations-2.13.4.jar:/home/sarthak/IITB/GitHub/courses/cs387/labs/lab07/kafka_2.13-3.4.0/bin/../libs/jackson-module-scala_2.13-2.13.4.jar:/home/sarthak/IITB/GitHub/courses/cs387/labs/lab07/kafka_2.13-3.4.0/bin/../libs/jakarta.activation-api-1.2.2.jar:/home/sarthak/IITB/GitHub/courses/cs387/labs/lab07/kafka_2.13-3.4.0/bin/../libs/jakarta.annotation-api-1.3.5.jar:/home/sarthak/IITB/GitHub/courses/cs387/labs/lab07/kafka_2.13-3.4.0/bin/../libs/jakarta.inject-2.6.1.jar:/home/sarthak/IITB/GitHub/courses/cs387/labs/lab07/kafka_2.13-3.4.0/bin/../libs/jakarta.validation-api-2.0.2.jar:/home/sarthak/IITB/GitHub/courses/cs387/labs/lab07/kafka_2.13-3.4.0/bin/../libs/jakarta.ws.rs-api-2.1.6.jar:/home/sarthak/IITB/GitHub/courses/cs387/labs/lab07/kafka_2.13-3.4.0/bin/../libs/jakarta.xml.bind-api-2.3.3.jar:/home/sarthak/IITB/GitHub/courses/cs387/labs/lab07/kafka_2.13-3.4.0/bin/../libs/javassist-3.27.0-GA.jar:/home/sarthak/IITB/GitHub/courses/cs387/labs/lab07/kafka_2.13-3.4.0/bin/../libs/javax.annotation-api-1.3.2.jar:/home/sarthak/IITB/GitHub/courses/cs387/labs/lab07/kafka_2.13-3.4.0/bin/../libs/javax.servlet-api-3.1.0.jar:/home/sarthak/IITB/GitHub/courses/cs387/labs/lab07/kafka_2.13-3.4.0/bin/../libs/javax.ws.rs-api-2.1.1.jar:/home/sarthak/IITB/GitHub/courses/cs387/labs/lab07/kafka_2.13-3.4.0/bin/../libs/jaxb-api-2.3.0.jar:/home/sarthak/IITB/GitHub/courses/cs387/labs/lab07/kafka_2.13-3.4.0/bin/../libs/jersey-client-2.34.jar:/home/sarthak/IITB/GitHub/courses/cs387/labs/lab07/kafka_2.13-3.4.0/bin/../libs/jersey-common-2.34.jar:/home/sarthak/IITB/GitHub/courses/cs387/labs/lab07/kafka_2.13-3.4.0/bin/../libs/jersey-container-servlet-2.34.jar:/home/sarthak/IITB/GitHub/courses/cs387/labs/lab07/kafka_2.13-3.4.0/bin/../libs/jersey-container-servlet-core-2.34.jar:/home/sarthak/IITB/GitHub/courses/cs387/labs/lab07/kafka_2.13-3.4.0/bin/../libs/jersey-hk2-2.34.jar:/home/sarthak/IITB/GitHub/courses/cs387/labs/lab07/kafka_2.13-3.4.0/bin/../libs/jersey-server-2.34.jar:/home/sarthak/IITB/GitHub/courses/cs387/labs/lab07/kafka_2.13-3.4.0/bin/../libs/jetty-client-9.4.48.v20220622.jar:/home/sarthak/IITB/GitHub/courses/cs387/labs/lab07/kafka_2.13-3.4.0/bin/../libs/jetty-continuation-9.4.48.v20220622.jar:/home/sarthak/IITB/GitHub/courses/cs387/labs/lab07/kafka_2.13-3.4.0/bin/../libs/jetty-http-9.4.48.v20220622.jar:/home/sarthak/IITB/GitHub/courses/cs387/labs/lab07/kafka_2.13-3.4.0/bin/../libs/jetty-io-9.4.48.v20220622.jar:/home/sarthak/IITB/GitHub/courses/cs387/labs/lab07/kafka_2.13-3.4.0/bin/../libs/jetty-security-9.4.48.v20220622.jar:/home/sarthak/IITB/GitHub/courses/cs387/labs/lab07/kafka_2.13-3.4.0/bin/../libs/jetty-server-9.4.48.v20220622.jar:/home/sarthak/IITB/GitHub/courses/cs387/labs/lab07/kafka_2.13-3.4.0/bin/../libs/jetty-servlet-9.4.48.v20220622.jar:/home/sarthak/IITB/GitHub/courses/cs387/labs/lab07/kafka_2.13-3.4.0/bin/../libs/jetty-servlets-9.4.48.v20220622.jar:/home/sarthak/IITB/GitHub/courses/cs387/labs/lab07/kafka_2.13-3.4.0/bin/../libs/jetty-util-9.4.48.v20220622.jar:/home/sarthak/IITB/GitHub/courses/cs387/labs/lab07/kafka_2.13-3.4.0/bin/../libs/jetty-util-ajax-9.4.48.v20220622.jar:/home/sarthak/IITB/GitHub/courses/cs387/labs/lab07/kafka_2.13-3.4.0/bin/../libs/jline-3.21.0.jar:/home/sarthak/IITB/GitHub/courses/cs387/labs/lab07/kafka_2.13-3.4.0/bin/../libs/jopt-simple-5.0.4.jar:/home/sarthak/IITB/GitHub/courses/cs387/labs/lab07/kafka_2.13-3.4.0/bin/../libs/jose4j-0.7.9.jar:/home/sarthak/IITB/GitHub/courses/cs387/labs/lab07/kafka_2.13-3.4.0/bin/../libs/kafka_2.13-3.4.0.jar:/home/sarthak/IITB/GitHub/courses/cs387/labs/lab07/kafka_2.13-3.4.0/bin/../libs/kafka-clients-3.4.0.jar:/home/sarthak/IITB/GitHub/courses/cs387/labs/lab07/kafka_2.13-3.4.0/bin/../libs/kafka-group-coordinator-3.4.0.jar:/home/sarthak/IITB/GitHub/courses/cs387/labs/lab07/kafka_2.13-3.4.0/bin/../libs/kafka-log4j-appender-3.4.0.jar:/home/sarthak/IITB/GitHub/courses/cs387/labs/lab07/kafka_2.13-3.4.0/bin/../libs/kafka-metadata-3.4.0.jar:/home/sarthak/IITB/GitHub/courses/cs387/labs/lab07/kafka_2.13-3.4.0/bin/../libs/kafka-raft-3.4.0.jar:/home/sarthak/IITB/GitHub/courses/cs387/labs/lab07/kafka_2.13-3.4.0/bin/../libs/kafka-server-common-3.4.0.jar:/home/sarthak/IITB/GitHub/courses/cs387/labs/lab07/kafka_2.13-3.4.0/bin/../libs/kafka-shell-3.4.0.jar:/home/sarthak/IITB/GitHub/courses/cs387/labs/lab07/kafka_2.13-3.4.0/bin/../libs/kafka-storage-3.4.0.jar:/home/sarthak/IITB/GitHub/courses/cs387/labs/lab07/kafka_2.13-3.4.0/bin/../libs/kafka-storage-api-3.4.0.jar:/home/sarthak/IITB/GitHub/courses/cs387/labs/lab07/kafka_2.13-3.4.0/bin/../libs/kafka-streams-3.4.0.jar:/home/sarthak/IITB/GitHub/courses/cs387/labs/lab07/kafka_2.13-3.4.0/bin/../libs/kafka-streams-examples-3.4.0.jar:/home/sarthak/IITB/GitHub/courses/cs387/labs/lab07/kafka_2.13-3.4.0/bin/../libs/kafka-streams-scala_2.13-3.4.0.jar:/home/sarthak/IITB/GitHub/courses/cs387/labs/lab07/kafka_2.13-3.4.0/bin/../libs/kafka-streams-test-utils-3.4.0.jar:/home/sarthak/IITB/GitHub/courses/cs387/labs/lab07/kafka_2.13-3.4.0/bin/../libs/kafka-tools-3.4.0.jar:/home/sarthak/IITB/GitHub/courses/cs387/labs/lab07/kafka_2.13-3.4.0/bin/../libs/lz4-java-1.8.0.jar:/home/sarthak/IITB/GitHub/courses/cs387/labs/lab07/kafka_2.13-3.4.0/bin/../libs/maven-artifact-3.8.4.jar:/home/sarthak/IITB/GitHub/courses/cs387/labs/lab07/kafka_2.13-3.4.0/bin/../libs/metrics-core-2.2.0.jar:/home/sarthak/IITB/GitHub/courses/cs387/labs/lab07/kafka_2.13-3.4.0/bin/../libs/metrics-core-4.1.12.1.jar:/home/sarthak/IITB/GitHub/courses/cs387/labs/lab07/kafka_2.13-3.4.0/bin/../libs/netty-buffer-4.1.78.Final.jar:/home/sarthak/IITB/GitHub/courses/cs387/labs/lab07/kafka_2.13-3.4.0/bin/../libs/netty-codec-4.1.78.Final.jar:/home/sarthak/IITB/GitHub/courses/cs387/labs/lab07/kafka_2.13-3.4.0/bin/../libs/netty-common-4.1.78.Final.jar:/home/sarthak/IITB/GitHub/courses/cs387/labs/lab07/kafka_2.13-3.4.0/bin/../libs/netty-handler-4.1.78.Final.jar:/home/sarthak/IITB/GitHub/courses/cs387/labs/lab07/kafka_2.13-3.4.0/bin/../libs/netty-resolver-4.1.78.Final.jar:/home/sarthak/IITB/GitHub/courses/cs387/labs/lab07/kafka_2.13-3.4.0/bin/../libs/netty-transport-4.1.78.Final.jar:/home/sarthak/IITB/GitHub/courses/cs387/labs/lab07/kafka_2.13-3.4.0/bin/../libs/netty-transport-classes-epoll-4.1.78.Final.jar:/home/sarthak/IITB/GitHub/courses/cs387/labs/lab07/kafka_2.13-3.4.0/bin/../libs/netty-transport-native-epoll-4.1.78.Final.jar:/home/sarthak/IITB/GitHub/courses/cs387/labs/lab07/kafka_2.13-3.4.0/bin/../libs/netty-transport-native-unix-common-4.1.78.Final.jar:/home/sarthak/IITB/GitHub/courses/cs387/labs/lab07/kafka_2.13-3.4.0/bin/../libs/osgi-resource-locator-1.0.3.jar:/home/sarthak/IITB/GitHub/courses/cs387/labs/lab07/kafka_2.13-3.4.0/bin/../libs/paranamer-2.8.jar:/home/sarthak/IITB/GitHub/courses/cs387/labs/lab07/kafka_2.13-3.4.0/bin/../libs/plexus-utils-3.3.0.jar:/home/sarthak/IITB/GitHub/courses/cs387/labs/lab07/kafka_2.13-3.4.0/bin/../libs/reflections-0.9.12.jar:/home/sarthak/IITB/GitHub/courses/cs387/labs/lab07/kafka_2.13-3.4.0/bin/../libs/reload4j-1.2.19.jar:/home/sarthak/IITB/GitHub/courses/cs387/labs/lab07/kafka_2.13-3.4.0/bin/../libs/rocksdbjni-7.1.2.jar:/home/sarthak/IITB/GitHub/courses/cs387/labs/lab07/kafka_2.13-3.4.0/bin/../libs/scala-collection-compat_2.13-2.6.0.jar:/home/sarthak/IITB/GitHub/courses/cs387/labs/lab07/kafka_2.13-3.4.0/bin/../libs/scala-java8-compat_2.13-1.0.2.jar:/home/sarthak/IITB/GitHub/courses/cs387/labs/lab07/kafka_2.13-3.4.0/bin/../libs/scala-library-2.13.10.jar:/home/sarthak/IITB/GitHub/courses/cs387/labs/lab07/kafka_2.13-3.4.0/bin/../libs/scala-logging_2.13-3.9.4.jar:/home/sarthak/IITB/GitHub/courses/cs387/labs/lab07/kafka_2.13-3.4.0/bin/../libs/scala-reflect-2.13.10.jar:/home/sarthak/IITB/GitHub/courses/cs387/labs/lab07/kafka_2.13-3.4.0/bin/../libs/slf4j-api-1.7.36.jar:/home/sarthak/IITB/GitHub/courses/cs387/labs/lab07/kafka_2.13-3.4.0/bin/../libs/slf4j-reload4j-1.7.36.jar:/home/sarthak/IITB/GitHub/courses/cs387/labs/lab07/kafka_2.13-3.4.0/bin/../libs/snappy-java-1.1.8.4.jar:/home/sarthak/IITB/GitHub/courses/cs387/labs/lab07/kafka_2.13-3.4.0/bin/../libs/swagger-annotations-2.2.0.jar:/home/sarthak/IITB/GitHub/courses/cs387/labs/lab07/kafka_2.13-3.4.0/bin/../libs/trogdor-3.4.0.jar:/home/sarthak/IITB/GitHub/courses/cs387/labs/lab07/kafka_2.13-3.4.0/bin/../libs/zookeeper-3.6.3.jar:/home/sarthak/IITB/GitHub/courses/cs387/labs/lab07/kafka_2.13-3.4.0/bin/../libs/zookeeper-jute-3.6.3.jar:/home/sarthak/IITB/GitHub/courses/cs387/labs/lab07/kafka_2.13-3.4.0/bin/../libs/zstd-jni-1.5.2-1.jar
	os.spec = Linux, amd64, 5.15.0-67-generic
	os.vcpus = 8
 (org.apache.kafka.connect.runtime.WorkerInfo:71)
[2023-03-17 15:16:35,520] INFO Scanning for plugin classes. This might take a moment ... (org.apache.kafka.connect.cli.ConnectStandalone:77)
[2023-03-17 15:16:35,545] INFO Loading plugin from: /home/sarthak/IITB/GitHub/courses/cs387/labs/lab07/kafka_2.13-3.4.0/libs/connect-file-3.4.0.jar (org.apache.kafka.connect.runtime.isolation.DelegatingClassLoader:275)
[2023-03-17 15:16:35,674] INFO Registered loader: PluginClassLoader{pluginLocation=file:/home/sarthak/IITB/GitHub/courses/cs387/labs/lab07/kafka_2.13-3.4.0/libs/connect-file-3.4.0.jar} (org.apache.kafka.connect.runtime.isolation.DelegatingClassLoader:297)
[2023-03-17 15:16:35,674] INFO Added plugin 'org.apache.kafka.connect.file.FileStreamSinkConnector' (org.apache.kafka.connect.runtime.isolation.DelegatingClassLoader:228)
[2023-03-17 15:16:35,675] INFO Added plugin 'org.apache.kafka.connect.file.FileStreamSourceConnector' (org.apache.kafka.connect.runtime.isolation.DelegatingClassLoader:228)
[2023-03-17 15:16:35,675] INFO Added plugin 'org.apache.kafka.connect.connector.policy.AllConnectorClientConfigOverridePolicy' (org.apache.kafka.connect.runtime.isolation.DelegatingClassLoader:228)
[2023-03-17 15:16:35,675] INFO Added plugin 'org.apache.kafka.connect.connector.policy.PrincipalConnectorClientConfigOverridePolicy' (org.apache.kafka.connect.runtime.isolation.DelegatingClassLoader:228)
[2023-03-17 15:16:35,676] INFO Added plugin 'org.apache.kafka.connect.connector.policy.NoneConnectorClientConfigOverridePolicy' (org.apache.kafka.connect.runtime.isolation.DelegatingClassLoader:228)
[2023-03-17 15:16:37,632] INFO Registered loader: jdk.internal.loader.ClassLoaders$AppClassLoader@251a69d7 (org.apache.kafka.connect.runtime.isolation.DelegatingClassLoader:297)
[2023-03-17 15:16:37,632] INFO Added plugin 'org.apache.kafka.connect.tools.VerifiableSinkConnector' (org.apache.kafka.connect.runtime.isolation.DelegatingClassLoader:228)
[2023-03-17 15:16:37,633] INFO Added plugin 'org.apache.kafka.connect.tools.MockSinkConnector' (org.apache.kafka.connect.runtime.isolation.DelegatingClassLoader:228)
[2023-03-17 15:16:37,633] INFO Added plugin 'org.apache.kafka.connect.tools.VerifiableSourceConnector' (org.apache.kafka.connect.runtime.isolation.DelegatingClassLoader:228)
[2023-03-17 15:16:37,634] INFO Added plugin 'org.apache.kafka.connect.mirror.MirrorSourceConnector' (org.apache.kafka.connect.runtime.isolation.DelegatingClassLoader:228)
[2023-03-17 15:16:37,634] INFO Added plugin 'org.apache.kafka.connect.mirror.MirrorHeartbeatConnector' (org.apache.kafka.connect.runtime.isolation.DelegatingClassLoader:228)
[2023-03-17 15:16:37,634] INFO Added plugin 'org.apache.kafka.connect.tools.SchemaSourceConnector' (org.apache.kafka.connect.runtime.isolation.DelegatingClassLoader:228)
[2023-03-17 15:16:37,635] INFO Added plugin 'org.apache.kafka.connect.tools.MockSourceConnector' (org.apache.kafka.connect.runtime.isolation.DelegatingClassLoader:228)
[2023-03-17 15:16:37,635] INFO Added plugin 'org.apache.kafka.connect.mirror.MirrorCheckpointConnector' (org.apache.kafka.connect.runtime.isolation.DelegatingClassLoader:228)
[2023-03-17 15:16:37,635] INFO Added plugin 'org.apache.kafka.connect.converters.FloatConverter' (org.apache.kafka.connect.runtime.isolation.DelegatingClassLoader:228)
[2023-03-17 15:16:37,636] INFO Added plugin 'org.apache.kafka.connect.converters.DoubleConverter' (org.apache.kafka.connect.runtime.isolation.DelegatingClassLoader:228)
[2023-03-17 15:16:37,636] INFO Added plugin 'org.apache.kafka.connect.converters.ByteArrayConverter' (org.apache.kafka.connect.runtime.isolation.DelegatingClassLoader:228)
[2023-03-17 15:16:37,636] INFO Added plugin 'org.apache.kafka.connect.converters.LongConverter' (org.apache.kafka.connect.runtime.isolation.DelegatingClassLoader:228)
[2023-03-17 15:16:37,636] INFO Added plugin 'org.apache.kafka.connect.converters.IntegerConverter' (org.apache.kafka.connect.runtime.isolation.DelegatingClassLoader:228)
[2023-03-17 15:16:37,637] INFO Added plugin 'org.apache.kafka.connect.json.JsonConverter' (org.apache.kafka.connect.runtime.isolation.DelegatingClassLoader:228)
[2023-03-17 15:16:37,637] INFO Added plugin 'org.apache.kafka.connect.storage.StringConverter' (org.apache.kafka.connect.runtime.isolation.DelegatingClassLoader:228)
[2023-03-17 15:16:37,637] INFO Added plugin 'org.apache.kafka.connect.converters.ShortConverter' (org.apache.kafka.connect.runtime.isolation.DelegatingClassLoader:228)
[2023-03-17 15:16:37,638] INFO Added plugin 'org.apache.kafka.connect.storage.SimpleHeaderConverter' (org.apache.kafka.connect.runtime.isolation.DelegatingClassLoader:228)
[2023-03-17 15:16:37,638] INFO Added plugin 'org.apache.kafka.connect.transforms.ReplaceField$Value' (org.apache.kafka.connect.runtime.isolation.DelegatingClassLoader:228)
[2023-03-17 15:16:37,638] INFO Added plugin 'org.apache.kafka.connect.transforms.SetSchemaMetadata$Value' (org.apache.kafka.connect.runtime.isolation.DelegatingClassLoader:228)
[2023-03-17 15:16:37,639] INFO Added plugin 'org.apache.kafka.connect.transforms.ReplaceField$Key' (org.apache.kafka.connect.runtime.isolation.DelegatingClassLoader:228)
[2023-03-17 15:16:37,639] INFO Added plugin 'org.apache.kafka.connect.transforms.Filter' (org.apache.kafka.connect.runtime.isolation.DelegatingClassLoader:228)
[2023-03-17 15:16:37,639] INFO Added plugin 'org.apache.kafka.connect.transforms.InsertField$Value' (org.apache.kafka.connect.runtime.isolation.DelegatingClassLoader:228)
[2023-03-17 15:16:37,639] INFO Added plugin 'org.apache.kafka.connect.transforms.HeaderFrom$Key' (org.apache.kafka.connect.runtime.isolation.DelegatingClassLoader:228)
[2023-03-17 15:16:37,640] INFO Added plugin 'org.apache.kafka.connect.transforms.TimestampConverter$Key' (org.apache.kafka.connect.runtime.isolation.DelegatingClassLoader:228)
[2023-03-17 15:16:37,640] INFO Added plugin 'org.apache.kafka.connect.transforms.MaskField$Value' (org.apache.kafka.connect.runtime.isolation.DelegatingClassLoader:228)
[2023-03-17 15:16:37,640] INFO Added plugin 'org.apache.kafka.connect.transforms.TimestampRouter' (org.apache.kafka.connect.runtime.isolation.DelegatingClassLoader:228)
[2023-03-17 15:16:37,640] INFO Added plugin 'org.apache.kafka.connect.transforms.RegexRouter' (org.apache.kafka.connect.runtime.isolation.DelegatingClassLoader:228)
[2023-03-17 15:16:37,641] INFO Added plugin 'org.apache.kafka.connect.transforms.HoistField$Value' (org.apache.kafka.connect.runtime.isolation.DelegatingClassLoader:228)
[2023-03-17 15:16:37,641] INFO Added plugin 'org.apache.kafka.connect.transforms.ValueToKey' (org.apache.kafka.connect.runtime.isolation.DelegatingClassLoader:228)
[2023-03-17 15:16:37,641] INFO Added plugin 'org.apache.kafka.connect.transforms.MaskField$Key' (org.apache.kafka.connect.runtime.isolation.DelegatingClassLoader:228)
[2023-03-17 15:16:37,642] INFO Added plugin 'org.apache.kafka.connect.transforms.DropHeaders' (org.apache.kafka.connect.runtime.isolation.DelegatingClassLoader:228)
[2023-03-17 15:16:37,642] INFO Added plugin 'org.apache.kafka.connect.transforms.Cast$Key' (org.apache.kafka.connect.runtime.isolation.DelegatingClassLoader:228)
[2023-03-17 15:16:37,642] INFO Added plugin 'org.apache.kafka.connect.transforms.Cast$Value' (org.apache.kafka.connect.runtime.isolation.DelegatingClassLoader:228)
[2023-03-17 15:16:37,642] INFO Added plugin 'org.apache.kafka.connect.runtime.PredicatedTransformation' (org.apache.kafka.connect.runtime.isolation.DelegatingClassLoader:228)
[2023-03-17 15:16:37,643] INFO Added plugin 'org.apache.kafka.connect.transforms.ExtractField$Key' (org.apache.kafka.connect.runtime.isolation.DelegatingClassLoader:228)
[2023-03-17 15:16:37,643] INFO Added plugin 'org.apache.kafka.connect.transforms.Flatten$Value' (org.apache.kafka.connect.runtime.isolation.DelegatingClassLoader:228)
[2023-03-17 15:16:37,643] INFO Added plugin 'org.apache.kafka.connect.transforms.InsertHeader' (org.apache.kafka.connect.runtime.isolation.DelegatingClassLoader:228)
[2023-03-17 15:16:37,643] INFO Added plugin 'org.apache.kafka.connect.transforms.InsertField$Key' (org.apache.kafka.connect.runtime.isolation.DelegatingClassLoader:228)
[2023-03-17 15:16:37,644] INFO Added plugin 'org.apache.kafka.connect.transforms.Flatten$Key' (org.apache.kafka.connect.runtime.isolation.DelegatingClassLoader:228)
[2023-03-17 15:16:37,644] INFO Added plugin 'org.apache.kafka.connect.transforms.HeaderFrom$Value' (org.apache.kafka.connect.runtime.isolation.DelegatingClassLoader:228)
[2023-03-17 15:16:37,644] INFO Added plugin 'org.apache.kafka.connect.transforms.SetSchemaMetadata$Key' (org.apache.kafka.connect.runtime.isolation.DelegatingClassLoader:228)
[2023-03-17 15:16:37,645] INFO Added plugin 'org.apache.kafka.connect.transforms.ExtractField$Value' (org.apache.kafka.connect.runtime.isolation.DelegatingClassLoader:228)
[2023-03-17 15:16:37,645] INFO Added plugin 'org.apache.kafka.connect.transforms.TimestampConverter$Value' (org.apache.kafka.connect.runtime.isolation.DelegatingClassLoader:228)
[2023-03-17 15:16:37,645] INFO Added plugin 'org.apache.kafka.connect.transforms.HoistField$Key' (org.apache.kafka.connect.runtime.isolation.DelegatingClassLoader:228)
[2023-03-17 15:16:37,645] INFO Added plugin 'org.apache.kafka.connect.transforms.predicates.HasHeaderKey' (org.apache.kafka.connect.runtime.isolation.DelegatingClassLoader:228)
[2023-03-17 15:16:37,646] INFO Added plugin 'org.apache.kafka.connect.transforms.predicates.RecordIsTombstone' (org.apache.kafka.connect.runtime.isolation.DelegatingClassLoader:228)
[2023-03-17 15:16:37,646] INFO Added plugin 'org.apache.kafka.connect.transforms.predicates.TopicNameMatches' (org.apache.kafka.connect.runtime.isolation.DelegatingClassLoader:228)
[2023-03-17 15:16:37,646] INFO Added plugin 'org.apache.kafka.common.config.provider.FileConfigProvider' (org.apache.kafka.connect.runtime.isolation.DelegatingClassLoader:228)
[2023-03-17 15:16:37,646] INFO Added plugin 'org.apache.kafka.common.config.provider.DirectoryConfigProvider' (org.apache.kafka.connect.runtime.isolation.DelegatingClassLoader:228)
[2023-03-17 15:16:37,647] INFO Added plugin 'org.apache.kafka.connect.rest.basic.auth.extension.BasicAuthSecurityRestExtension' (org.apache.kafka.connect.runtime.isolation.DelegatingClassLoader:228)
[2023-03-17 15:16:37,648] INFO Added aliases 'FileStreamSinkConnector' and 'FileStreamSink' to plugin 'org.apache.kafka.connect.file.FileStreamSinkConnector' (org.apache.kafka.connect.runtime.isolation.DelegatingClassLoader:474)
[2023-03-17 15:16:37,649] INFO Added aliases 'FileStreamSourceConnector' and 'FileStreamSource' to plugin 'org.apache.kafka.connect.file.FileStreamSourceConnector' (org.apache.kafka.connect.runtime.isolation.DelegatingClassLoader:474)
[2023-03-17 15:16:37,649] INFO Added aliases 'MirrorCheckpointConnector' and 'MirrorCheckpoint' to plugin 'org.apache.kafka.connect.mirror.MirrorCheckpointConnector' (org.apache.kafka.connect.runtime.isolation.DelegatingClassLoader:474)
[2023-03-17 15:16:37,651] INFO Added aliases 'MirrorHeartbeatConnector' and 'MirrorHeartbeat' to plugin 'org.apache.kafka.connect.mirror.MirrorHeartbeatConnector' (org.apache.kafka.connect.runtime.isolation.DelegatingClassLoader:474)
[2023-03-17 15:16:37,651] INFO Added aliases 'MirrorSourceConnector' and 'MirrorSource' to plugin 'org.apache.kafka.connect.mirror.MirrorSourceConnector' (org.apache.kafka.connect.runtime.isolation.DelegatingClassLoader:474)
[2023-03-17 15:16:37,652] INFO Added aliases 'MockSinkConnector' and 'MockSink' to plugin 'org.apache.kafka.connect.tools.MockSinkConnector' (org.apache.kafka.connect.runtime.isolation.DelegatingClassLoader:474)
[2023-03-17 15:16:37,652] INFO Added aliases 'MockSourceConnector' and 'MockSource' to plugin 'org.apache.kafka.connect.tools.MockSourceConnector' (org.apache.kafka.connect.runtime.isolation.DelegatingClassLoader:474)
[2023-03-17 15:16:37,652] INFO Added aliases 'SchemaSourceConnector' and 'SchemaSource' to plugin 'org.apache.kafka.connect.tools.SchemaSourceConnector' (org.apache.kafka.connect.runtime.isolation.DelegatingClassLoader:474)
[2023-03-17 15:16:37,653] INFO Added aliases 'VerifiableSinkConnector' and 'VerifiableSink' to plugin 'org.apache.kafka.connect.tools.VerifiableSinkConnector' (org.apache.kafka.connect.runtime.isolation.DelegatingClassLoader:474)
[2023-03-17 15:16:37,653] INFO Added aliases 'VerifiableSourceConnector' and 'VerifiableSource' to plugin 'org.apache.kafka.connect.tools.VerifiableSourceConnector' (org.apache.kafka.connect.runtime.isolation.DelegatingClassLoader:474)
[2023-03-17 15:16:37,654] INFO Added aliases 'ByteArrayConverter' and 'ByteArray' to plugin 'org.apache.kafka.connect.converters.ByteArrayConverter' (org.apache.kafka.connect.runtime.isolation.DelegatingClassLoader:474)
[2023-03-17 15:16:37,654] INFO Added aliases 'DoubleConverter' and 'Double' to plugin 'org.apache.kafka.connect.converters.DoubleConverter' (org.apache.kafka.connect.runtime.isolation.DelegatingClassLoader:474)
[2023-03-17 15:16:37,654] INFO Added aliases 'FloatConverter' and 'Float' to plugin 'org.apache.kafka.connect.converters.FloatConverter' (org.apache.kafka.connect.runtime.isolation.DelegatingClassLoader:474)
[2023-03-17 15:16:37,654] INFO Added aliases 'IntegerConverter' and 'Integer' to plugin 'org.apache.kafka.connect.converters.IntegerConverter' (org.apache.kafka.connect.runtime.isolation.DelegatingClassLoader:474)
[2023-03-17 15:16:37,655] INFO Added aliases 'LongConverter' and 'Long' to plugin 'org.apache.kafka.connect.converters.LongConverter' (org.apache.kafka.connect.runtime.isolation.DelegatingClassLoader:474)
[2023-03-17 15:16:37,655] INFO Added aliases 'ShortConverter' and 'Short' to plugin 'org.apache.kafka.connect.converters.ShortConverter' (org.apache.kafka.connect.runtime.isolation.DelegatingClassLoader:474)
[2023-03-17 15:16:37,655] INFO Added aliases 'JsonConverter' and 'Json' to plugin 'org.apache.kafka.connect.json.JsonConverter' (org.apache.kafka.connect.runtime.isolation.DelegatingClassLoader:474)
[2023-03-17 15:16:37,656] INFO Added aliases 'StringConverter' and 'String' to plugin 'org.apache.kafka.connect.storage.StringConverter' (org.apache.kafka.connect.runtime.isolation.DelegatingClassLoader:474)
[2023-03-17 15:16:37,656] INFO Added aliases 'ByteArrayConverter' and 'ByteArray' to plugin 'org.apache.kafka.connect.converters.ByteArrayConverter' (org.apache.kafka.connect.runtime.isolation.DelegatingClassLoader:474)
[2023-03-17 15:16:37,656] INFO Added aliases 'DoubleConverter' and 'Double' to plugin 'org.apache.kafka.connect.converters.DoubleConverter' (org.apache.kafka.connect.runtime.isolation.DelegatingClassLoader:474)
[2023-03-17 15:16:37,657] INFO Added aliases 'FloatConverter' and 'Float' to plugin 'org.apache.kafka.connect.converters.FloatConverter' (org.apache.kafka.connect.runtime.isolation.DelegatingClassLoader:474)
[2023-03-17 15:16:37,657] INFO Added aliases 'IntegerConverter' and 'Integer' to plugin 'org.apache.kafka.connect.converters.IntegerConverter' (org.apache.kafka.connect.runtime.isolation.DelegatingClassLoader:474)
[2023-03-17 15:16:37,657] INFO Added aliases 'LongConverter' and 'Long' to plugin 'org.apache.kafka.connect.converters.LongConverter' (org.apache.kafka.connect.runtime.isolation.DelegatingClassLoader:474)
[2023-03-17 15:16:37,658] INFO Added aliases 'ShortConverter' and 'Short' to plugin 'org.apache.kafka.connect.converters.ShortConverter' (org.apache.kafka.connect.runtime.isolation.DelegatingClassLoader:474)
[2023-03-17 15:16:37,658] INFO Added aliases 'JsonConverter' and 'Json' to plugin 'org.apache.kafka.connect.json.JsonConverter' (org.apache.kafka.connect.runtime.isolation.DelegatingClassLoader:474)
[2023-03-17 15:16:37,658] INFO Added aliases 'SimpleHeaderConverter' and 'Simple' to plugin 'org.apache.kafka.connect.storage.SimpleHeaderConverter' (org.apache.kafka.connect.runtime.isolation.DelegatingClassLoader:474)
[2023-03-17 15:16:37,658] INFO Added aliases 'StringConverter' and 'String' to plugin 'org.apache.kafka.connect.storage.StringConverter' (org.apache.kafka.connect.runtime.isolation.DelegatingClassLoader:474)
[2023-03-17 15:16:37,659] INFO Added aliases 'PredicatedTransformation' and 'Predicated' to plugin 'org.apache.kafka.connect.runtime.PredicatedTransformation' (org.apache.kafka.connect.runtime.isolation.DelegatingClassLoader:474)
[2023-03-17 15:16:37,659] INFO Added alias 'DropHeaders' to plugin 'org.apache.kafka.connect.transforms.DropHeaders' (org.apache.kafka.connect.runtime.isolation.DelegatingClassLoader:471)
[2023-03-17 15:16:37,659] INFO Added alias 'Filter' to plugin 'org.apache.kafka.connect.transforms.Filter' (org.apache.kafka.connect.runtime.isolation.DelegatingClassLoader:471)
[2023-03-17 15:16:37,660] INFO Added alias 'InsertHeader' to plugin 'org.apache.kafka.connect.transforms.InsertHeader' (org.apache.kafka.connect.runtime.isolation.DelegatingClassLoader:471)
[2023-03-17 15:16:37,660] INFO Added alias 'RegexRouter' to plugin 'org.apache.kafka.connect.transforms.RegexRouter' (org.apache.kafka.connect.runtime.isolation.DelegatingClassLoader:471)
[2023-03-17 15:16:37,660] INFO Added alias 'TimestampRouter' to plugin 'org.apache.kafka.connect.transforms.TimestampRouter' (org.apache.kafka.connect.runtime.isolation.DelegatingClassLoader:471)
[2023-03-17 15:16:37,660] INFO Added alias 'ValueToKey' to plugin 'org.apache.kafka.connect.transforms.ValueToKey' (org.apache.kafka.connect.runtime.isolation.DelegatingClassLoader:471)
[2023-03-17 15:16:37,661] INFO Added alias 'HasHeaderKey' to plugin 'org.apache.kafka.connect.transforms.predicates.HasHeaderKey' (org.apache.kafka.connect.runtime.isolation.DelegatingClassLoader:471)
[2023-03-17 15:16:37,661] INFO Added alias 'RecordIsTombstone' to plugin 'org.apache.kafka.connect.transforms.predicates.RecordIsTombstone' (org.apache.kafka.connect.runtime.isolation.DelegatingClassLoader:471)
[2023-03-17 15:16:37,661] INFO Added alias 'TopicNameMatches' to plugin 'org.apache.kafka.connect.transforms.predicates.TopicNameMatches' (org.apache.kafka.connect.runtime.isolation.DelegatingClassLoader:471)
[2023-03-17 15:16:37,661] INFO Added alias 'BasicAuthSecurityRestExtension' to plugin 'org.apache.kafka.connect.rest.basic.auth.extension.BasicAuthSecurityRestExtension' (org.apache.kafka.connect.runtime.isolation.DelegatingClassLoader:471)
[2023-03-17 15:16:37,661] INFO Added aliases 'AllConnectorClientConfigOverridePolicy' and 'All' to plugin 'org.apache.kafka.connect.connector.policy.AllConnectorClientConfigOverridePolicy' (org.apache.kafka.connect.runtime.isolation.DelegatingClassLoader:474)
[2023-03-17 15:16:37,662] INFO Added aliases 'NoneConnectorClientConfigOverridePolicy' and 'None' to plugin 'org.apache.kafka.connect.connector.policy.NoneConnectorClientConfigOverridePolicy' (org.apache.kafka.connect.runtime.isolation.DelegatingClassLoader:474)
[2023-03-17 15:16:37,662] INFO Added aliases 'PrincipalConnectorClientConfigOverridePolicy' and 'Principal' to plugin 'org.apache.kafka.connect.connector.policy.PrincipalConnectorClientConfigOverridePolicy' (org.apache.kafka.connect.runtime.isolation.DelegatingClassLoader:474)
[2023-03-17 15:16:37,695] INFO StandaloneConfig values: 
	access.control.allow.methods = 
	access.control.allow.origin = 
	admin.listeners = null
	auto.include.jmx.reporter = true
	bootstrap.servers = [localhost:9092]
	client.dns.lookup = use_all_dns_ips
	config.providers = []
	connector.client.config.override.policy = All
	header.converter = class org.apache.kafka.connect.storage.SimpleHeaderConverter
	key.converter = class org.apache.kafka.connect.json.JsonConverter
	listeners = [http://:8083]
	metric.reporters = []
	metrics.num.samples = 2
	metrics.recording.level = INFO
	metrics.sample.window.ms = 30000
	offset.flush.interval.ms = 10000
	offset.flush.timeout.ms = 5000
	offset.storage.file.filename = /tmp/connect.offsets
	plugin.path = [libs/connect-file-3.4.0.jar]
	response.http.headers.config = 
	rest.advertised.host.name = null
	rest.advertised.listener = null
	rest.advertised.port = null
	rest.extension.classes = []
	ssl.cipher.suites = null
	ssl.client.auth = none
	ssl.enabled.protocols = [TLSv1.2, TLSv1.3]
	ssl.endpoint.identification.algorithm = https
	ssl.engine.factory.class = null
	ssl.key.password = null
	ssl.keymanager.algorithm = SunX509
	ssl.keystore.certificate.chain = null
	ssl.keystore.key = null
	ssl.keystore.location = null
	ssl.keystore.password = null
	ssl.keystore.type = JKS
	ssl.protocol = TLSv1.3
	ssl.provider = null
	ssl.secure.random.implementation = null
	ssl.trustmanager.algorithm = PKIX
	ssl.truststore.certificates = null
	ssl.truststore.location = null
	ssl.truststore.password = null
	ssl.truststore.type = JKS
	task.shutdown.graceful.timeout.ms = 5000
	topic.creation.enable = true
	topic.tracking.allow.reset = true
	topic.tracking.enable = true
	value.converter = class org.apache.kafka.connect.json.JsonConverter
 (org.apache.kafka.connect.runtime.standalone.StandaloneConfig:376)
[2023-03-17 15:16:37,696] INFO Creating Kafka admin client (org.apache.kafka.connect.runtime.WorkerConfig:325)
[2023-03-17 15:16:37,700] INFO AdminClientConfig values: 
	auto.include.jmx.reporter = true
	bootstrap.servers = [localhost:9092]
	client.dns.lookup = use_all_dns_ips
	client.id = 
	connections.max.idle.ms = 300000
	default.api.timeout.ms = 60000
	metadata.max.age.ms = 300000
	metric.reporters = []
	metrics.num.samples = 2
	metrics.recording.level = INFO
	metrics.sample.window.ms = 30000
	receive.buffer.bytes = 65536
	reconnect.backoff.max.ms = 1000
	reconnect.backoff.ms = 50
	request.timeout.ms = 30000
	retries = 2147483647
	retry.backoff.ms = 100
	sasl.client.callback.handler.class = null
	sasl.jaas.config = null
	sasl.kerberos.kinit.cmd = /usr/bin/kinit
	sasl.kerberos.min.time.before.relogin = 60000
	sasl.kerberos.service.name = null
	sasl.kerberos.ticket.renew.jitter = 0.05
	sasl.kerberos.ticket.renew.window.factor = 0.8
	sasl.login.callback.handler.class = null
	sasl.login.class = null
	sasl.login.connect.timeout.ms = null
	sasl.login.read.timeout.ms = null
	sasl.login.refresh.buffer.seconds = 300
	sasl.login.refresh.min.period.seconds = 60
	sasl.login.refresh.window.factor = 0.8
	sasl.login.refresh.window.jitter = 0.05
	sasl.login.retry.backoff.max.ms = 10000
	sasl.login.retry.backoff.ms = 100
	sasl.mechanism = GSSAPI
	sasl.oauthbearer.clock.skew.seconds = 30
	sasl.oauthbearer.expected.audience = null
	sasl.oauthbearer.expected.issuer = null
	sasl.oauthbearer.jwks.endpoint.refresh.ms = 3600000
	sasl.oauthbearer.jwks.endpoint.retry.backoff.max.ms = 10000
	sasl.oauthbearer.jwks.endpoint.retry.backoff.ms = 100
	sasl.oauthbearer.jwks.endpoint.url = null
	sasl.oauthbearer.scope.claim.name = scope
	sasl.oauthbearer.sub.claim.name = sub
	sasl.oauthbearer.token.endpoint.url = null
	security.protocol = PLAINTEXT
	security.providers = null
	send.buffer.bytes = 131072
	socket.connection.setup.timeout.max.ms = 30000
	socket.connection.setup.timeout.ms = 10000
	ssl.cipher.suites = null
	ssl.enabled.protocols = [TLSv1.2, TLSv1.3]
	ssl.endpoint.identification.algorithm = https
	ssl.engine.factory.class = null
	ssl.key.password = null
	ssl.keymanager.algorithm = SunX509
	ssl.keystore.certificate.chain = null
	ssl.keystore.key = null
	ssl.keystore.location = null
	ssl.keystore.password = null
	ssl.keystore.type = JKS
	ssl.protocol = TLSv1.3
	ssl.provider = null
	ssl.secure.random.implementation = null
	ssl.trustmanager.algorithm = PKIX
	ssl.truststore.certificates = null
	ssl.truststore.location = null
	ssl.truststore.password = null
	ssl.truststore.type = JKS
 (org.apache.kafka.clients.admin.AdminClientConfig:376)
[2023-03-17 15:16:37,795] WARN These configurations '[offset.flush.interval.ms, key.converter.schemas.enable, offset.storage.file.filename, value.converter.schemas.enable, plugin.path, value.converter, key.converter]' were supplied but are not used yet. (org.apache.kafka.clients.admin.AdminClientConfig:385)
[2023-03-17 15:16:37,795] INFO Kafka version: 3.4.0 (org.apache.kafka.common.utils.AppInfoParser:119)
[2023-03-17 15:16:37,796] INFO Kafka commitId: 2e1947d240607d53 (org.apache.kafka.common.utils.AppInfoParser:120)
[2023-03-17 15:16:37,796] INFO Kafka startTimeMs: 1679046397795 (org.apache.kafka.common.utils.AppInfoParser:121)
[2023-03-17 15:16:38,196] INFO Kafka cluster ID: b-pKfDlwSVmxfGdqxBZK_g (org.apache.kafka.connect.runtime.WorkerConfig:342)
[2023-03-17 15:16:38,197] INFO App info kafka.admin.client for adminclient-1 unregistered (org.apache.kafka.common.utils.AppInfoParser:83)
[2023-03-17 15:16:38,214] INFO Metrics scheduler closed (org.apache.kafka.common.metrics.Metrics:693)
[2023-03-17 15:16:38,215] INFO Closing reporter org.apache.kafka.common.metrics.JmxReporter (org.apache.kafka.common.metrics.Metrics:697)
[2023-03-17 15:16:38,215] INFO Metrics reporters closed (org.apache.kafka.common.metrics.Metrics:703)
[2023-03-17 15:16:38,233] INFO Logging initialized @3312ms to org.eclipse.jetty.util.log.Slf4jLog (org.eclipse.jetty.util.log:170)
[2023-03-17 15:16:38,289] INFO Added connector for http://:8083 (org.apache.kafka.connect.runtime.rest.RestServer:121)
[2023-03-17 15:16:38,290] INFO Initializing REST server (org.apache.kafka.connect.runtime.rest.RestServer:192)
[2023-03-17 15:16:38,330] INFO jetty-9.4.48.v20220622; built: 2022-06-21T20:42:25.880Z; git: 6b67c5719d1f4371b33655ff2d047d24e171e49a; jvm 17.0.6+10-Ubuntu-0ubuntu120.04.1 (org.eclipse.jetty.server.Server:375)
[2023-03-17 15:16:38,357] INFO Started http_8083@160c3ec1{HTTP/1.1, (http/1.1)}{0.0.0.0:8083} (org.eclipse.jetty.server.AbstractConnector:333)
[2023-03-17 15:16:38,358] INFO Started @3437ms (org.eclipse.jetty.server.Server:415)
[2023-03-17 15:16:38,388] INFO Advertised URI: http://127.0.0.1:8083/ (org.apache.kafka.connect.runtime.rest.RestServer:363)
[2023-03-17 15:16:38,388] INFO REST server listening at http://127.0.0.1:8083/, advertising URL http://127.0.0.1:8083/ (org.apache.kafka.connect.runtime.rest.RestServer:212)
[2023-03-17 15:16:38,389] INFO Advertised URI: http://127.0.0.1:8083/ (org.apache.kafka.connect.runtime.rest.RestServer:363)
[2023-03-17 15:16:38,389] INFO REST admin endpoints at http://127.0.0.1:8083/ (org.apache.kafka.connect.runtime.rest.RestServer:213)
[2023-03-17 15:16:38,390] INFO Advertised URI: http://127.0.0.1:8083/ (org.apache.kafka.connect.runtime.rest.RestServer:363)
[2023-03-17 15:16:38,392] INFO Setting up All Policy for ConnectorClientConfigOverride. This will allow all client configurations to be overridden (org.apache.kafka.connect.connector.policy.AllConnectorClientConfigOverridePolicy:44)
[2023-03-17 15:16:38,404] INFO Kafka version: 3.4.0 (org.apache.kafka.common.utils.AppInfoParser:119)
[2023-03-17 15:16:38,404] INFO Kafka commitId: 2e1947d240607d53 (org.apache.kafka.common.utils.AppInfoParser:120)
[2023-03-17 15:16:38,405] INFO Kafka startTimeMs: 1679046398404 (org.apache.kafka.common.utils.AppInfoParser:121)
[2023-03-17 15:16:38,557] INFO JsonConverterConfig values: 
	converter.type = key
	decimal.format = BASE64
	schemas.cache.size = 1000
	schemas.enable = false
 (org.apache.kafka.connect.json.JsonConverterConfig:376)
[2023-03-17 15:16:38,561] INFO JsonConverterConfig values: 
	converter.type = value
	decimal.format = BASE64
	schemas.cache.size = 1000
	schemas.enable = false
 (org.apache.kafka.connect.json.JsonConverterConfig:376)
[2023-03-17 15:16:38,575] INFO Kafka Connect standalone worker initialization took 3067ms (org.apache.kafka.connect.cli.ConnectStandalone:103)
[2023-03-17 15:16:38,575] INFO Kafka Connect starting (org.apache.kafka.connect.runtime.Connect:50)
[2023-03-17 15:16:38,577] INFO Herder starting (org.apache.kafka.connect.runtime.standalone.StandaloneHerder:98)
[2023-03-17 15:16:38,577] INFO Worker starting (org.apache.kafka.connect.runtime.Worker:202)
[2023-03-17 15:16:38,578] INFO Starting FileOffsetBackingStore with file /tmp/connect.offsets (org.apache.kafka.connect.storage.FileOffsetBackingStore:58)
[2023-03-17 15:16:38,581] INFO Worker started (org.apache.kafka.connect.runtime.Worker:212)
[2023-03-17 15:16:38,582] INFO Herder started (org.apache.kafka.connect.runtime.standalone.StandaloneHerder:101)
[2023-03-17 15:16:38,582] INFO Initializing REST resources (org.apache.kafka.connect.runtime.rest.RestServer:217)
[2023-03-17 15:16:38,641] INFO Adding admin resources to main listener (org.apache.kafka.connect.runtime.rest.RestServer:236)
[2023-03-17 15:16:38,695] INFO DefaultSessionIdManager workerName=node0 (org.eclipse.jetty.server.session:334)
[2023-03-17 15:16:38,695] INFO No SessionScavenger set, using defaults (org.eclipse.jetty.server.session:339)
[2023-03-17 15:16:38,696] INFO node0 Scavenging every 660000ms (org.eclipse.jetty.server.session:132)
[2023-03-17 15:16:39,350] INFO Started o.e.j.s.ServletContextHandler@54f66455{/,null,AVAILABLE} (org.eclipse.jetty.server.handler.ContextHandler:921)
[2023-03-17 15:16:39,350] INFO REST resources initialized; server is started and ready to handle requests (org.apache.kafka.connect.runtime.rest.RestServer:309)
[2023-03-17 15:16:39,350] INFO Kafka Connect started (org.apache.kafka.connect.runtime.Connect:56)
[2023-03-17 15:16:39,369] INFO AbstractConfig values: 
 (org.apache.kafka.common.config.AbstractConfig:376)
[2023-03-17 15:16:39,386] INFO [local-file-source|worker] Creating connector local-file-source of type FileStreamSource (org.apache.kafka.connect.runtime.Worker:293)
[2023-03-17 15:16:39,388] INFO [local-file-source|worker] SourceConnectorConfig values: 
	config.action.reload = restart
	connector.class = FileStreamSource
	errors.log.enable = false
	errors.log.include.messages = false
	errors.retry.delay.max.ms = 60000
	errors.retry.timeout = 0
	errors.tolerance = none
	exactly.once.support = requested
	header.converter = null
	key.converter = null
	name = local-file-source
	offsets.storage.topic = null
	predicates = []
	tasks.max = 1
	topic.creation.groups = []
	transaction.boundary = poll
	transaction.boundary.interval.ms = null
	transforms = []
	value.converter = null
 (org.apache.kafka.connect.runtime.SourceConnectorConfig:376)
[2023-03-17 15:16:39,389] INFO [local-file-source|worker] EnrichedConnectorConfig values: 
	config.action.reload = restart
	connector.class = FileStreamSource
	errors.log.enable = false
	errors.log.include.messages = false
	errors.retry.delay.max.ms = 60000
	errors.retry.timeout = 0
	errors.tolerance = none
	exactly.once.support = requested
	header.converter = null
	key.converter = null
	name = local-file-source
	offsets.storage.topic = null
	predicates = []
	tasks.max = 1
	topic.creation.groups = []
	transaction.boundary = poll
	transaction.boundary.interval.ms = null
	transforms = []
	value.converter = null
 (org.apache.kafka.connect.runtime.ConnectorConfig$EnrichedConnectorConfig:376)
[2023-03-17 15:16:39,398] INFO [local-file-source|worker] Instantiated connector local-file-source with version 3.4.0 of type class org.apache.kafka.connect.file.FileStreamSourceConnector (org.apache.kafka.connect.runtime.Worker:315)
[2023-03-17 15:16:39,399] INFO [local-file-source|worker] Finished creating connector local-file-source (org.apache.kafka.connect.runtime.Worker:336)
[2023-03-17 15:16:39,401] INFO [local-file-source|worker] AbstractConfig values: 
	batch.size = 2000
	file = test.txt
	topic = connect-test
 (org.apache.kafka.common.config.AbstractConfig:376)
[2023-03-17 15:16:39,402] INFO [local-file-source|worker] Starting file source connector reading from test.txt (org.apache.kafka.connect.file.FileStreamSourceConnector:65)
[2023-03-17 15:16:39,407] INFO SourceConnectorConfig values: 
	config.action.reload = restart
	connector.class = FileStreamSource
	errors.log.enable = false
	errors.log.include.messages = false
	errors.retry.delay.max.ms = 60000
	errors.retry.timeout = 0
	errors.tolerance = none
	exactly.once.support = requested
	header.converter = null
	key.converter = null
	name = local-file-source
	offsets.storage.topic = null
	predicates = []
	tasks.max = 1
	topic.creation.groups = []
	transaction.boundary = poll
	transaction.boundary.interval.ms = null
	transforms = []
	value.converter = null
 (org.apache.kafka.connect.runtime.SourceConnectorConfig:376)
[2023-03-17 15:16:39,407] INFO EnrichedConnectorConfig values: 
	config.action.reload = restart
	connector.class = FileStreamSource
	errors.log.enable = false
	errors.log.include.messages = false
	errors.retry.delay.max.ms = 60000
	errors.retry.timeout = 0
	errors.tolerance = none
	exactly.once.support = requested
	header.converter = null
	key.converter = null
	name = local-file-source
	offsets.storage.topic = null
	predicates = []
	tasks.max = 1
	topic.creation.groups = []
	transaction.boundary = poll
	transaction.boundary.interval.ms = null
	transforms = []
	value.converter = null
 (org.apache.kafka.connect.runtime.ConnectorConfig$EnrichedConnectorConfig:376)
[2023-03-17 15:16:39,414] INFO [local-file-source|task-0] Creating task local-file-source-0 (org.apache.kafka.connect.runtime.Worker:596)
[2023-03-17 15:16:39,418] INFO [local-file-source|task-0] ConnectorConfig values: 
	config.action.reload = restart
	connector.class = FileStreamSource
	errors.log.enable = false
	errors.log.include.messages = false
	errors.retry.delay.max.ms = 60000
	errors.retry.timeout = 0
	errors.tolerance = none
	header.converter = null
	key.converter = null
	name = local-file-source
	predicates = []
	tasks.max = 1
	transforms = []
	value.converter = null
 (org.apache.kafka.connect.runtime.ConnectorConfig:376)
[2023-03-17 15:16:39,419] INFO [local-file-source|task-0] EnrichedConnectorConfig values: 
	config.action.reload = restart
	connector.class = FileStreamSource
	errors.log.enable = false
	errors.log.include.messages = false
	errors.retry.delay.max.ms = 60000
	errors.retry.timeout = 0
	errors.tolerance = none
	header.converter = null
	key.converter = null
	name = local-file-source
	predicates = []
	tasks.max = 1
	transforms = []
	value.converter = null
 (org.apache.kafka.connect.runtime.ConnectorConfig$EnrichedConnectorConfig:376)
[2023-03-17 15:16:39,424] INFO [local-file-source|task-0] TaskConfig values: 
	task.class = class org.apache.kafka.connect.file.FileStreamSourceTask
 (org.apache.kafka.connect.runtime.TaskConfig:376)
[2023-03-17 15:16:39,425] INFO [local-file-source|task-0] Instantiated task local-file-source-0 with version 3.4.0 of type org.apache.kafka.connect.file.FileStreamSourceTask (org.apache.kafka.connect.runtime.Worker:610)
[2023-03-17 15:16:39,426] INFO [local-file-source|task-0] JsonConverterConfig values: 
	converter.type = key
	decimal.format = BASE64
	schemas.cache.size = 1000
	schemas.enable = true
 (org.apache.kafka.connect.json.JsonConverterConfig:376)
[2023-03-17 15:16:39,427] INFO [local-file-source|task-0] Set up the key converter class org.apache.kafka.connect.json.JsonConverter for task local-file-source-0 using the worker config (org.apache.kafka.connect.runtime.Worker:623)
[2023-03-17 15:16:39,427] INFO [local-file-source|task-0] JsonConverterConfig values: 
	converter.type = value
	decimal.format = BASE64
	schemas.cache.size = 1000
	schemas.enable = true
 (org.apache.kafka.connect.json.JsonConverterConfig:376)
[2023-03-17 15:16:39,428] INFO [local-file-source|task-0] Set up the value converter class org.apache.kafka.connect.json.JsonConverter for task local-file-source-0 using the worker config (org.apache.kafka.connect.runtime.Worker:629)
[2023-03-17 15:16:39,428] INFO [local-file-source|task-0] Set up the header converter class org.apache.kafka.connect.storage.SimpleHeaderConverter for task local-file-source-0 using the worker config (org.apache.kafka.connect.runtime.Worker:636)
[2023-03-17 15:16:39,434] INFO [local-file-source|task-0] SourceConnectorConfig values: 
	config.action.reload = restart
	connector.class = FileStreamSource
	errors.log.enable = false
	errors.log.include.messages = false
	errors.retry.delay.max.ms = 60000
	errors.retry.timeout = 0
	errors.tolerance = none
	exactly.once.support = requested
	header.converter = null
	key.converter = null
	name = local-file-source
	offsets.storage.topic = null
	predicates = []
	tasks.max = 1
	topic.creation.groups = []
	transaction.boundary = poll
	transaction.boundary.interval.ms = null
	transforms = []
	value.converter = null
 (org.apache.kafka.connect.runtime.SourceConnectorConfig:376)
[2023-03-17 15:16:39,435] INFO [local-file-source|task-0] EnrichedConnectorConfig values: 
	config.action.reload = restart
	connector.class = FileStreamSource
	errors.log.enable = false
	errors.log.include.messages = false
	errors.retry.delay.max.ms = 60000
	errors.retry.timeout = 0
	errors.tolerance = none
	exactly.once.support = requested
	header.converter = null
	key.converter = null
	name = local-file-source
	offsets.storage.topic = null
	predicates = []
	tasks.max = 1
	topic.creation.groups = []
	transaction.boundary = poll
	transaction.boundary.interval.ms = null
	transforms = []
	value.converter = null
 (org.apache.kafka.connect.runtime.ConnectorConfig$EnrichedConnectorConfig:376)
[2023-03-17 15:16:39,437] INFO [local-file-source|task-0] Initializing: org.apache.kafka.connect.runtime.TransformationChain{} (org.apache.kafka.connect.runtime.Worker:1301)
[2023-03-17 15:16:39,444] INFO [local-file-source|task-0] ProducerConfig values: 
	acks = -1
	auto.include.jmx.reporter = true
	batch.size = 16384
	bootstrap.servers = [localhost:9092]
	buffer.memory = 33554432
	client.dns.lookup = use_all_dns_ips
	client.id = connector-producer-local-file-source-0
	compression.type = none
	connections.max.idle.ms = 540000
	delivery.timeout.ms = 2147483647
	enable.idempotence = false
	interceptor.classes = []
	key.serializer = class org.apache.kafka.common.serialization.ByteArraySerializer
	linger.ms = 0
	max.block.ms = 9223372036854775807
	max.in.flight.requests.per.connection = 1
	max.request.size = 1048576
	metadata.max.age.ms = 300000
	metadata.max.idle.ms = 300000
	metric.reporters = []
	metrics.num.samples = 2
	metrics.recording.level = INFO
	metrics.sample.window.ms = 30000
	partitioner.adaptive.partitioning.enable = true
	partitioner.availability.timeout.ms = 0
	partitioner.class = null
	partitioner.ignore.keys = false
	receive.buffer.bytes = 32768
	reconnect.backoff.max.ms = 1000
	reconnect.backoff.ms = 50
	request.timeout.ms = 30000
	retries = 2147483647
	retry.backoff.ms = 100
	sasl.client.callback.handler.class = null
	sasl.jaas.config = null
	sasl.kerberos.kinit.cmd = /usr/bin/kinit
	sasl.kerberos.min.time.before.relogin = 60000
	sasl.kerberos.service.name = null
	sasl.kerberos.ticket.renew.jitter = 0.05
	sasl.kerberos.ticket.renew.window.factor = 0.8
	sasl.login.callback.handler.class = null
	sasl.login.class = null
	sasl.login.connect.timeout.ms = null
	sasl.login.read.timeout.ms = null
	sasl.login.refresh.buffer.seconds = 300
	sasl.login.refresh.min.period.seconds = 60
	sasl.login.refresh.window.factor = 0.8
	sasl.login.refresh.window.jitter = 0.05
	sasl.login.retry.backoff.max.ms = 10000
	sasl.login.retry.backoff.ms = 100
	sasl.mechanism = GSSAPI
	sasl.oauthbearer.clock.skew.seconds = 30
	sasl.oauthbearer.expected.audience = null
	sasl.oauthbearer.expected.issuer = null
	sasl.oauthbearer.jwks.endpoint.refresh.ms = 3600000
	sasl.oauthbearer.jwks.endpoint.retry.backoff.max.ms = 10000
	sasl.oauthbearer.jwks.endpoint.retry.backoff.ms = 100
	sasl.oauthbearer.jwks.endpoint.url = null
	sasl.oauthbearer.scope.claim.name = scope
	sasl.oauthbearer.sub.claim.name = sub
	sasl.oauthbearer.token.endpoint.url = null
	security.protocol = PLAINTEXT
	security.providers = null
	send.buffer.bytes = 131072
	socket.connection.setup.timeout.max.ms = 30000
	socket.connection.setup.timeout.ms = 10000
	ssl.cipher.suites = null
	ssl.enabled.protocols = [TLSv1.2, TLSv1.3]
	ssl.endpoint.identification.algorithm = https
	ssl.engine.factory.class = null
	ssl.key.password = null
	ssl.keymanager.algorithm = SunX509
	ssl.keystore.certificate.chain = null
	ssl.keystore.key = null
	ssl.keystore.location = null
	ssl.keystore.password = null
	ssl.keystore.type = JKS
	ssl.protocol = TLSv1.3
	ssl.provider = null
	ssl.secure.random.implementation = null
	ssl.trustmanager.algorithm = PKIX
	ssl.truststore.certificates = null
	ssl.truststore.location = null
	ssl.truststore.password = null
	ssl.truststore.type = JKS
	transaction.timeout.ms = 60000
	transactional.id = null
	value.serializer = class org.apache.kafka.common.serialization.ByteArraySerializer
 (org.apache.kafka.clients.producer.ProducerConfig:376)
[2023-03-17 15:16:39,476] WARN [local-file-source|task-0] These configurations '[metrics.context.connect.kafka.cluster.id]' were supplied but are not used yet. (org.apache.kafka.clients.producer.ProducerConfig:385)
[2023-03-17 15:16:39,476] INFO [local-file-source|task-0] Kafka version: 3.4.0 (org.apache.kafka.common.utils.AppInfoParser:119)
[2023-03-17 15:16:39,477] INFO [local-file-source|task-0] Kafka commitId: 2e1947d240607d53 (org.apache.kafka.common.utils.AppInfoParser:120)
[2023-03-17 15:16:39,477] INFO [local-file-source|task-0] Kafka startTimeMs: 1679046399476 (org.apache.kafka.common.utils.AppInfoParser:121)
[2023-03-17 15:16:39,491] INFO [local-file-source|task-0] AbstractConfig values: 
	batch.size = 2000
	file = test.txt
	topic = connect-test
 (org.apache.kafka.common.config.AbstractConfig:376)
[2023-03-17 15:16:39,492] INFO [local-file-source|task-0] WorkerSourceTask{id=local-file-source-0} Source task finished initialization and start (org.apache.kafka.connect.runtime.AbstractWorkerSourceTask:275)
[2023-03-17 15:16:39,492] INFO [local-file-source|task-0] [Producer clientId=connector-producer-local-file-source-0] Cluster ID: b-pKfDlwSVmxfGdqxBZK_g (org.apache.kafka.clients.Metadata:287)
[2023-03-17 15:16:39,492] INFO Created connector local-file-source (org.apache.kafka.connect.cli.ConnectStandalone:113)
[2023-03-17 15:16:39,501] INFO AbstractConfig values: 
 (org.apache.kafka.common.config.AbstractConfig:376)
[2023-03-17 15:16:39,510] INFO [local-file-sink|worker] Creating connector local-file-sink of type FileStreamSink (org.apache.kafka.connect.runtime.Worker:293)
[2023-03-17 15:16:39,511] INFO [local-file-sink|worker] SinkConnectorConfig values: 
	config.action.reload = restart
	connector.class = FileStreamSink
	errors.deadletterqueue.context.headers.enable = false
	errors.deadletterqueue.topic.name = 
	errors.deadletterqueue.topic.replication.factor = 3
	errors.log.enable = false
	errors.log.include.messages = false
	errors.retry.delay.max.ms = 60000
	errors.retry.timeout = 0
	errors.tolerance = none
	header.converter = null
	key.converter = null
	name = local-file-sink
	predicates = []
	tasks.max = 1
	topics = [connect-test]
	topics.regex = 
	transforms = []
	value.converter = null
 (org.apache.kafka.connect.runtime.SinkConnectorConfig:376)
[2023-03-17 15:16:39,511] INFO [local-file-sink|worker] EnrichedConnectorConfig values: 
	config.action.reload = restart
	connector.class = FileStreamSink
	errors.deadletterqueue.context.headers.enable = false
	errors.deadletterqueue.topic.name = 
	errors.deadletterqueue.topic.replication.factor = 3
	errors.log.enable = false
	errors.log.include.messages = false
	errors.retry.delay.max.ms = 60000
	errors.retry.timeout = 0
	errors.tolerance = none
	header.converter = null
	key.converter = null
	name = local-file-sink
	predicates = []
	tasks.max = 1
	topics = [connect-test]
	topics.regex = 
	transforms = []
	value.converter = null
 (org.apache.kafka.connect.runtime.ConnectorConfig$EnrichedConnectorConfig:376)
[2023-03-17 15:16:39,512] INFO [local-file-sink|worker] Instantiated connector local-file-sink with version 3.4.0 of type class org.apache.kafka.connect.file.FileStreamSinkConnector (org.apache.kafka.connect.runtime.Worker:315)
[2023-03-17 15:16:39,513] INFO [local-file-sink|worker] Finished creating connector local-file-sink (org.apache.kafka.connect.runtime.Worker:336)
[2023-03-17 15:16:39,514] INFO [local-file-sink|worker] AbstractConfig values: 
	file = test.sink.txt
 (org.apache.kafka.common.config.AbstractConfig:376)
[2023-03-17 15:16:39,514] INFO [local-file-sink|worker] Starting file sink connector writing to test.sink.txt (org.apache.kafka.connect.file.FileStreamSinkConnector:56)
[2023-03-17 15:16:39,515] INFO SinkConnectorConfig values: 
	config.action.reload = restart
	connector.class = FileStreamSink
	errors.deadletterqueue.context.headers.enable = false
	errors.deadletterqueue.topic.name = 
	errors.deadletterqueue.topic.replication.factor = 3
	errors.log.enable = false
	errors.log.include.messages = false
	errors.retry.delay.max.ms = 60000
	errors.retry.timeout = 0
	errors.tolerance = none
	header.converter = null
	key.converter = null
	name = local-file-sink
	predicates = []
	tasks.max = 1
	topics = [connect-test]
	topics.regex = 
	transforms = []
	value.converter = null
 (org.apache.kafka.connect.runtime.SinkConnectorConfig:376)
[2023-03-17 15:16:39,515] INFO EnrichedConnectorConfig values: 
	config.action.reload = restart
	connector.class = FileStreamSink
	errors.deadletterqueue.context.headers.enable = false
	errors.deadletterqueue.topic.name = 
	errors.deadletterqueue.topic.replication.factor = 3
	errors.log.enable = false
	errors.log.include.messages = false
	errors.retry.delay.max.ms = 60000
	errors.retry.timeout = 0
	errors.tolerance = none
	header.converter = null
	key.converter = null
	name = local-file-sink
	predicates = []
	tasks.max = 1
	topics = [connect-test]
	topics.regex = 
	transforms = []
	value.converter = null
 (org.apache.kafka.connect.runtime.ConnectorConfig$EnrichedConnectorConfig:376)
[2023-03-17 15:16:39,519] INFO [local-file-sink|task-0] Creating task local-file-sink-0 (org.apache.kafka.connect.runtime.Worker:596)
[2023-03-17 15:16:39,521] INFO [local-file-sink|task-0] ConnectorConfig values: 
	config.action.reload = restart
	connector.class = FileStreamSink
	errors.log.enable = false
	errors.log.include.messages = false
	errors.retry.delay.max.ms = 60000
	errors.retry.timeout = 0
	errors.tolerance = none
	header.converter = null
	key.converter = null
	name = local-file-sink
	predicates = []
	tasks.max = 1
	transforms = []
	value.converter = null
 (org.apache.kafka.connect.runtime.ConnectorConfig:376)
[2023-03-17 15:16:39,522] INFO [local-file-sink|task-0] EnrichedConnectorConfig values: 
	config.action.reload = restart
	connector.class = FileStreamSink
	errors.log.enable = false
	errors.log.include.messages = false
	errors.retry.delay.max.ms = 60000
	errors.retry.timeout = 0
	errors.tolerance = none
	header.converter = null
	key.converter = null
	name = local-file-sink
	predicates = []
	tasks.max = 1
	transforms = []
	value.converter = null
 (org.apache.kafka.connect.runtime.ConnectorConfig$EnrichedConnectorConfig:376)
[2023-03-17 15:16:39,522] INFO [local-file-sink|task-0] TaskConfig values: 
	task.class = class org.apache.kafka.connect.file.FileStreamSinkTask
 (org.apache.kafka.connect.runtime.TaskConfig:376)
[2023-03-17 15:16:39,523] INFO [local-file-sink|task-0] Instantiated task local-file-sink-0 with version 3.4.0 of type org.apache.kafka.connect.file.FileStreamSinkTask (org.apache.kafka.connect.runtime.Worker:610)
[2023-03-17 15:16:39,524] INFO [local-file-sink|task-0] JsonConverterConfig values: 
	converter.type = key
	decimal.format = BASE64
	schemas.cache.size = 1000
	schemas.enable = true
 (org.apache.kafka.connect.json.JsonConverterConfig:376)
[2023-03-17 15:16:39,524] INFO [local-file-sink|task-0] Set up the key converter class org.apache.kafka.connect.json.JsonConverter for task local-file-sink-0 using the worker config (org.apache.kafka.connect.runtime.Worker:623)
[2023-03-17 15:16:39,525] INFO [local-file-sink|task-0] JsonConverterConfig values: 
	converter.type = value
	decimal.format = BASE64
	schemas.cache.size = 1000
	schemas.enable = true
 (org.apache.kafka.connect.json.JsonConverterConfig:376)
[2023-03-17 15:16:39,525] INFO [local-file-sink|task-0] Set up the value converter class org.apache.kafka.connect.json.JsonConverter for task local-file-sink-0 using the worker config (org.apache.kafka.connect.runtime.Worker:629)
[2023-03-17 15:16:39,526] INFO [local-file-sink|task-0] Set up the header converter class org.apache.kafka.connect.storage.SimpleHeaderConverter for task local-file-sink-0 using the worker config (org.apache.kafka.connect.runtime.Worker:636)
[2023-03-17 15:16:39,528] INFO [local-file-sink|task-0] Initializing: org.apache.kafka.connect.runtime.TransformationChain{} (org.apache.kafka.connect.runtime.Worker:1257)
[2023-03-17 15:16:39,529] INFO [local-file-sink|task-0] SinkConnectorConfig values: 
	config.action.reload = restart
	connector.class = FileStreamSink
	errors.deadletterqueue.context.headers.enable = false
	errors.deadletterqueue.topic.name = 
	errors.deadletterqueue.topic.replication.factor = 3
	errors.log.enable = false
	errors.log.include.messages = false
	errors.retry.delay.max.ms = 60000
	errors.retry.timeout = 0
	errors.tolerance = none
	header.converter = null
	key.converter = null
	name = local-file-sink
	predicates = []
	tasks.max = 1
	topics = [connect-test]
	topics.regex = 
	transforms = []
	value.converter = null
 (org.apache.kafka.connect.runtime.SinkConnectorConfig:376)
[2023-03-17 15:16:39,529] INFO [local-file-sink|task-0] EnrichedConnectorConfig values: 
	config.action.reload = restart
	connector.class = FileStreamSink
	errors.deadletterqueue.context.headers.enable = false
	errors.deadletterqueue.topic.name = 
	errors.deadletterqueue.topic.replication.factor = 3
	errors.log.enable = false
	errors.log.include.messages = false
	errors.retry.delay.max.ms = 60000
	errors.retry.timeout = 0
	errors.tolerance = none
	header.converter = null
	key.converter = null
	name = local-file-sink
	predicates = []
	tasks.max = 1
	topics = [connect-test]
	topics.regex = 
	transforms = []
	value.converter = null
 (org.apache.kafka.connect.runtime.ConnectorConfig$EnrichedConnectorConfig:376)
[2023-03-17 15:16:39,535] INFO [local-file-sink|task-0] ConsumerConfig values: 
	allow.auto.create.topics = true
	auto.commit.interval.ms = 5000
	auto.include.jmx.reporter = true
	auto.offset.reset = earliest
	bootstrap.servers = [localhost:9092]
	check.crcs = true
	client.dns.lookup = use_all_dns_ips
	client.id = connector-consumer-local-file-sink-0
	client.rack = 
	connections.max.idle.ms = 540000
	default.api.timeout.ms = 60000
	enable.auto.commit = false
	exclude.internal.topics = true
	fetch.max.bytes = 52428800
	fetch.max.wait.ms = 500
	fetch.min.bytes = 1
	group.id = connect-local-file-sink
	group.instance.id = null
	heartbeat.interval.ms = 3000
	interceptor.classes = []
	internal.leave.group.on.close = true
	internal.throw.on.fetch.stable.offset.unsupported = false
	isolation.level = read_uncommitted
	key.deserializer = class org.apache.kafka.common.serialization.ByteArrayDeserializer
	max.partition.fetch.bytes = 1048576
	max.poll.interval.ms = 300000
	max.poll.records = 500
	metadata.max.age.ms = 300000
	metric.reporters = []
	metrics.num.samples = 2
	metrics.recording.level = INFO
	metrics.sample.window.ms = 30000
	partition.assignment.strategy = [class org.apache.kafka.clients.consumer.RangeAssignor, class org.apache.kafka.clients.consumer.CooperativeStickyAssignor]
	receive.buffer.bytes = 65536
	reconnect.backoff.max.ms = 1000
	reconnect.backoff.ms = 50
	request.timeout.ms = 30000
	retry.backoff.ms = 100
	sasl.client.callback.handler.class = null
	sasl.jaas.config = null
	sasl.kerberos.kinit.cmd = /usr/bin/kinit
	sasl.kerberos.min.time.before.relogin = 60000
	sasl.kerberos.service.name = null
	sasl.kerberos.ticket.renew.jitter = 0.05
	sasl.kerberos.ticket.renew.window.factor = 0.8
	sasl.login.callback.handler.class = null
	sasl.login.class = null
	sasl.login.connect.timeout.ms = null
	sasl.login.read.timeout.ms = null
	sasl.login.refresh.buffer.seconds = 300
	sasl.login.refresh.min.period.seconds = 60
	sasl.login.refresh.window.factor = 0.8
	sasl.login.refresh.window.jitter = 0.05
	sasl.login.retry.backoff.max.ms = 10000
	sasl.login.retry.backoff.ms = 100
	sasl.mechanism = GSSAPI
	sasl.oauthbearer.clock.skew.seconds = 30
	sasl.oauthbearer.expected.audience = null
	sasl.oauthbearer.expected.issuer = null
	sasl.oauthbearer.jwks.endpoint.refresh.ms = 3600000
	sasl.oauthbearer.jwks.endpoint.retry.backoff.max.ms = 10000
	sasl.oauthbearer.jwks.endpoint.retry.backoff.ms = 100
	sasl.oauthbearer.jwks.endpoint.url = null
	sasl.oauthbearer.scope.claim.name = scope
	sasl.oauthbearer.sub.claim.name = sub
	sasl.oauthbearer.token.endpoint.url = null
	security.protocol = PLAINTEXT
	security.providers = null
	send.buffer.bytes = 131072
	session.timeout.ms = 45000
	socket.connection.setup.timeout.max.ms = 30000
	socket.connection.setup.timeout.ms = 10000
	ssl.cipher.suites = null
	ssl.enabled.protocols = [TLSv1.2, TLSv1.3]
	ssl.endpoint.identification.algorithm = https
	ssl.engine.factory.class = null
	ssl.key.password = null
	ssl.keymanager.algorithm = SunX509
	ssl.keystore.certificate.chain = null
	ssl.keystore.key = null
	ssl.keystore.location = null
	ssl.keystore.password = null
	ssl.keystore.type = JKS
	ssl.protocol = TLSv1.3
	ssl.provider = null
	ssl.secure.random.implementation = null
	ssl.trustmanager.algorithm = PKIX
	ssl.truststore.certificates = null
	ssl.truststore.location = null
	ssl.truststore.password = null
	ssl.truststore.type = JKS
	value.deserializer = class org.apache.kafka.common.serialization.ByteArrayDeserializer
 (org.apache.kafka.clients.consumer.ConsumerConfig:376)
[2023-03-17 15:16:39,559] WARN [local-file-source|task-0] [Producer clientId=connector-producer-local-file-source-0] Error while fetching metadata with correlation id 3 : {connect-test=LEADER_NOT_AVAILABLE} (org.apache.kafka.clients.NetworkClient:1105)
[2023-03-17 15:16:39,602] WARN [local-file-sink|task-0] These configurations '[metrics.context.connect.kafka.cluster.id]' were supplied but are not used yet. (org.apache.kafka.clients.consumer.ConsumerConfig:385)
[2023-03-17 15:16:39,603] INFO [local-file-sink|task-0] Kafka version: 3.4.0 (org.apache.kafka.common.utils.AppInfoParser:119)
[2023-03-17 15:16:39,603] INFO [local-file-sink|task-0] Kafka commitId: 2e1947d240607d53 (org.apache.kafka.common.utils.AppInfoParser:120)
[2023-03-17 15:16:39,604] INFO [local-file-sink|task-0] Kafka startTimeMs: 1679046399603 (org.apache.kafka.common.utils.AppInfoParser:121)
[2023-03-17 15:16:39,611] INFO Created connector local-file-sink (org.apache.kafka.connect.cli.ConnectStandalone:113)
[2023-03-17 15:16:39,612] INFO [local-file-sink|task-0] [Consumer clientId=connector-consumer-local-file-sink-0, groupId=connect-local-file-sink] Subscribed to topic(s): connect-test (org.apache.kafka.clients.consumer.KafkaConsumer:969)
[2023-03-17 15:16:39,613] INFO [local-file-sink|task-0] AbstractConfig values: 
	file = test.sink.txt
 (org.apache.kafka.common.config.AbstractConfig:376)
[2023-03-17 15:16:39,614] INFO [local-file-sink|task-0] WorkerSinkTask{id=local-file-sink-0} Sink task finished initialization and start (org.apache.kafka.connect.runtime.WorkerSinkTask:316)
[2023-03-17 15:16:39,614] INFO [local-file-sink|task-0] WorkerSinkTask{id=local-file-sink-0} Executing sink task (org.apache.kafka.connect.runtime.WorkerSinkTask:201)
[2023-03-17 15:16:39,628] INFO [local-file-sink|task-0] [Consumer clientId=connector-consumer-local-file-sink-0, groupId=connect-local-file-sink] Resetting the last seen epoch of partition connect-test-0 to 0 since the associated topicId changed from null to YbRVU1zZTQyJI3GYI3lb3Q (org.apache.kafka.clients.Metadata:402)
[2023-03-17 15:16:39,631] INFO [local-file-sink|task-0] [Consumer clientId=connector-consumer-local-file-sink-0, groupId=connect-local-file-sink] Cluster ID: b-pKfDlwSVmxfGdqxBZK_g (org.apache.kafka.clients.Metadata:287)
[2023-03-17 15:16:39,632] INFO [local-file-sink|task-0] [Consumer clientId=connector-consumer-local-file-sink-0, groupId=connect-local-file-sink] Discovered group coordinator localhost:9092 (id: 2147483647 rack: null) (org.apache.kafka.clients.consumer.internals.ConsumerCoordinator:896)
[2023-03-17 15:16:39,635] INFO [local-file-sink|task-0] [Consumer clientId=connector-consumer-local-file-sink-0, groupId=connect-local-file-sink] (Re-)joining group (org.apache.kafka.clients.consumer.internals.ConsumerCoordinator:566)
[2023-03-17 15:16:39,657] INFO [local-file-sink|task-0] [Consumer clientId=connector-consumer-local-file-sink-0, groupId=connect-local-file-sink] Request joining group due to: need to re-join with the given member-id: connector-consumer-local-file-sink-0-cdc91d39-b9a4-4b80-8b2b-769aec4b77b9 (org.apache.kafka.clients.consumer.internals.ConsumerCoordinator:1062)
[2023-03-17 15:16:39,658] INFO [local-file-sink|task-0] [Consumer clientId=connector-consumer-local-file-sink-0, groupId=connect-local-file-sink] Request joining group due to: rebalance failed due to 'The group member needs to have a valid member id before actually entering a consumer group.' (MemberIdRequiredException) (org.apache.kafka.clients.consumer.internals.ConsumerCoordinator:1062)
[2023-03-17 15:16:39,658] INFO [local-file-sink|task-0] [Consumer clientId=connector-consumer-local-file-sink-0, groupId=connect-local-file-sink] (Re-)joining group (org.apache.kafka.clients.consumer.internals.ConsumerCoordinator:566)
[2023-03-17 15:16:39,659] INFO [local-file-source|task-0] [Producer clientId=connector-producer-local-file-source-0] Resetting the last seen epoch of partition connect-test-0 to 0 since the associated topicId changed from null to YbRVU1zZTQyJI3GYI3lb3Q (org.apache.kafka.clients.Metadata:402)
[2023-03-17 15:16:39,663] INFO [local-file-sink|task-0] [Consumer clientId=connector-consumer-local-file-sink-0, groupId=connect-local-file-sink] Successfully joined group with generation Generation{generationId=1, memberId='connector-consumer-local-file-sink-0-cdc91d39-b9a4-4b80-8b2b-769aec4b77b9', protocol='range'} (org.apache.kafka.clients.consumer.internals.ConsumerCoordinator:627)
[2023-03-17 15:16:39,666] INFO [local-file-sink|task-0] [Consumer clientId=connector-consumer-local-file-sink-0, groupId=connect-local-file-sink] Finished assignment for group at generation 1: {connector-consumer-local-file-sink-0-cdc91d39-b9a4-4b80-8b2b-769aec4b77b9=Assignment(partitions=[connect-test-0])} (org.apache.kafka.clients.consumer.internals.ConsumerCoordinator:710)
[2023-03-17 15:16:39,675] INFO [local-file-sink|task-0] [Consumer clientId=connector-consumer-local-file-sink-0, groupId=connect-local-file-sink] Successfully synced group in generation Generation{generationId=1, memberId='connector-consumer-local-file-sink-0-cdc91d39-b9a4-4b80-8b2b-769aec4b77b9', protocol='range'} (org.apache.kafka.clients.consumer.internals.ConsumerCoordinator:802)
[2023-03-17 15:16:39,676] INFO [local-file-sink|task-0] [Consumer clientId=connector-consumer-local-file-sink-0, groupId=connect-local-file-sink] Notifying assignor about the new Assignment(partitions=[connect-test-0]) (org.apache.kafka.clients.consumer.internals.ConsumerCoordinator:305)
[2023-03-17 15:16:39,679] INFO [local-file-sink|task-0] [Consumer clientId=connector-consumer-local-file-sink-0, groupId=connect-local-file-sink] Adding newly assigned partitions: connect-test-0 (org.apache.kafka.clients.consumer.internals.ConsumerCoordinator:317)
[2023-03-17 15:16:39,692] INFO [local-file-sink|task-0] [Consumer clientId=connector-consumer-local-file-sink-0, groupId=connect-local-file-sink] Found no committed offset for partition connect-test-0 (org.apache.kafka.clients.consumer.internals.ConsumerCoordinator:1543)
[2023-03-17 15:16:39,709] INFO [local-file-sink|task-0] [Consumer clientId=connector-consumer-local-file-sink-0, groupId=connect-local-file-sink] Resetting offset for partition connect-test-0 to position FetchPosition{offset=0, offsetEpoch=Optional.empty, currentLeader=LeaderAndEpoch{leader=Optional[localhost:9092 (id: 0 rack: null)], epoch=0}}. (org.apache.kafka.clients.consumer.internals.SubscriptionState:399)
[2023-03-17 15:24:30,485] INFO Kafka Connect stopping (org.apache.kafka.connect.runtime.Connect:66)
[2023-03-17 15:24:30,486] INFO Stopping REST server (org.apache.kafka.connect.runtime.rest.RestServer:317)
[2023-03-17 15:24:30,495] INFO Stopped http_8083@160c3ec1{HTTP/1.1, (http/1.1)}{0.0.0.0:8083} (org.eclipse.jetty.server.AbstractConnector:383)
[2023-03-17 15:24:30,496] INFO node0 Stopped scavenging (org.eclipse.jetty.server.session:149)
[2023-03-17 15:24:30,500] INFO REST server stopped (org.apache.kafka.connect.runtime.rest.RestServer:334)
[2023-03-17 15:24:30,500] INFO Herder stopping (org.apache.kafka.connect.runtime.standalone.StandaloneHerder:106)
[2023-03-17 15:24:30,501] INFO [local-file-source|task-0] Stopping task local-file-source-0 (org.apache.kafka.connect.runtime.Worker:998)
[2023-03-17 15:24:30,869] INFO [local-file-source|task-0] [Producer clientId=connector-producer-local-file-source-0] Closing the Kafka producer with timeoutMillis = 30000 ms. (org.apache.kafka.clients.producer.KafkaProducer:1310)
[2023-03-17 15:24:30,874] INFO [local-file-source|task-0] Metrics scheduler closed (org.apache.kafka.common.metrics.Metrics:693)
[2023-03-17 15:24:30,874] INFO [local-file-source|task-0] Closing reporter org.apache.kafka.common.metrics.JmxReporter (org.apache.kafka.common.metrics.Metrics:697)
[2023-03-17 15:24:30,874] INFO [local-file-source|task-0] Metrics reporters closed (org.apache.kafka.common.metrics.Metrics:703)
[2023-03-17 15:24:30,875] INFO [local-file-source|task-0] App info kafka.producer for connector-producer-local-file-source-0 unregistered (org.apache.kafka.common.utils.AppInfoParser:83)
[2023-03-17 15:24:30,882] INFO [local-file-source|worker] Stopping connector local-file-source (org.apache.kafka.connect.runtime.Worker:404)
[2023-03-17 15:24:30,882] INFO [local-file-source|worker] Scheduled shutdown for WorkerConnector{id=local-file-source} (org.apache.kafka.connect.runtime.WorkerConnector:254)
[2023-03-17 15:24:30,883] INFO [local-file-source|worker] Completed shutdown for WorkerConnector{id=local-file-source} (org.apache.kafka.connect.runtime.WorkerConnector:274)
[2023-03-17 15:24:30,884] INFO [local-file-sink|task-0] Stopping task local-file-sink-0 (org.apache.kafka.connect.runtime.Worker:998)
[2023-03-17 15:24:30,885] INFO [local-file-sink|task-0] [Consumer clientId=connector-consumer-local-file-sink-0, groupId=connect-local-file-sink] Revoke previously assigned partitions connect-test-0 (org.apache.kafka.clients.consumer.internals.ConsumerCoordinator:336)
[2023-03-17 15:24:30,886] INFO [local-file-sink|task-0] [Consumer clientId=connector-consumer-local-file-sink-0, groupId=connect-local-file-sink] Member connector-consumer-local-file-sink-0-cdc91d39-b9a4-4b80-8b2b-769aec4b77b9 sending LeaveGroup request to coordinator localhost:9092 (id: 2147483647 rack: null) due to the consumer is being closed (org.apache.kafka.clients.consumer.internals.ConsumerCoordinator:1123)
[2023-03-17 15:24:30,887] INFO [local-file-sink|task-0] [Consumer clientId=connector-consumer-local-file-sink-0, groupId=connect-local-file-sink] Resetting generation and member id due to: consumer pro-actively leaving the group (org.apache.kafka.clients.consumer.internals.ConsumerCoordinator:1015)
[2023-03-17 15:24:30,887] INFO [local-file-sink|task-0] [Consumer clientId=connector-consumer-local-file-sink-0, groupId=connect-local-file-sink] Request joining group due to: consumer pro-actively leaving the group (org.apache.kafka.clients.consumer.internals.ConsumerCoordinator:1062)
[2023-03-17 15:24:30,891] INFO [local-file-sink|task-0] Metrics scheduler closed (org.apache.kafka.common.metrics.Metrics:693)
[2023-03-17 15:24:30,892] INFO [local-file-sink|task-0] Closing reporter org.apache.kafka.common.metrics.JmxReporter (org.apache.kafka.common.metrics.Metrics:697)
[2023-03-17 15:24:30,892] INFO [local-file-sink|task-0] Metrics reporters closed (org.apache.kafka.common.metrics.Metrics:703)
[2023-03-17 15:24:30,898] INFO [local-file-sink|task-0] App info kafka.consumer for connector-consumer-local-file-sink-0 unregistered (org.apache.kafka.common.utils.AppInfoParser:83)
[2023-03-17 15:24:30,900] INFO [local-file-sink|worker] Stopping connector local-file-sink (org.apache.kafka.connect.runtime.Worker:404)
[2023-03-17 15:24:30,900] INFO [local-file-sink|worker] Scheduled shutdown for WorkerConnector{id=local-file-sink} (org.apache.kafka.connect.runtime.WorkerConnector:254)
[2023-03-17 15:24:30,901] INFO [local-file-sink|worker] Completed shutdown for WorkerConnector{id=local-file-sink} (org.apache.kafka.connect.runtime.WorkerConnector:274)
[2023-03-17 15:24:30,901] INFO Worker stopping (org.apache.kafka.connect.runtime.Worker:219)
[2023-03-17 15:24:30,903] INFO Stopped FileOffsetBackingStore (org.apache.kafka.connect.storage.FileOffsetBackingStore:66)
[2023-03-17 15:24:30,903] INFO Metrics scheduler closed (org.apache.kafka.common.metrics.Metrics:693)
[2023-03-17 15:24:30,904] INFO Closing reporter org.apache.kafka.common.metrics.JmxReporter (org.apache.kafka.common.metrics.Metrics:697)
[2023-03-17 15:24:30,904] INFO Metrics reporters closed (org.apache.kafka.common.metrics.Metrics:703)
[2023-03-17 15:24:30,904] INFO App info kafka.connect for 127.0.0.1:8083 unregistered (org.apache.kafka.common.utils.AppInfoParser:83)
[2023-03-17 15:24:30,905] INFO Worker stopped (org.apache.kafka.connect.runtime.Worker:240)
[2023-03-17 15:24:30,907] INFO Herder stopped (org.apache.kafka.connect.runtime.standalone.StandaloneHerder:124)
[2023-03-17 15:24:30,907] INFO Kafka Connect stopped (org.apache.kafka.connect.runtime.Connect:71)
