[2023-03-24T17:01:18.189+0530][gc] Using G1
[2023-03-24T17:01:18.205+0530][gc,init] Version: 17.0.6+10-Ubuntu-0ubuntu120.04.1 (release)
[2023-03-24T17:01:18.205+0530][gc,init] CPUs: 8 total, 8 available
[2023-03-24T17:01:18.205+0530][gc,init] Memory: 7746M
[2023-03-24T17:01:18.205+0530][gc,init] Large Page Support: Disabled
[2023-03-24T17:01:18.205+0530][gc,init] NUMA Support: Disabled
[2023-03-24T17:01:18.205+0530][gc,init] Compressed Oops: Enabled (32-bit)
[2023-03-24T17:01:18.205+0530][gc,init] Heap Region Size: 1M
[2023-03-24T17:01:18.205+0530][gc,init] Heap Min Capacity: 1G
[2023-03-24T17:01:18.205+0530][gc,init] Heap Initial Capacity: 1G
[2023-03-24T17:01:18.205+0530][gc,init] Heap Max Capacity: 1G
[2023-03-24T17:01:18.205+0530][gc,init] Pre-touch: Disabled
[2023-03-24T17:01:18.205+0530][gc,init] Parallel Workers: 8
[2023-03-24T17:01:18.205+0530][gc,init] Concurrent Workers: 2
[2023-03-24T17:01:18.205+0530][gc,init] Concurrent Refinement Workers: 8
[2023-03-24T17:01:18.205+0530][gc,init] Periodic GC: Disabled
[2023-03-24T17:01:18.205+0530][gc,metaspace] CDS archive(s) mapped at: [0x0000000800000000-0x0000000800be3000-0x0000000800be3000), size 12464128, SharedBaseAddress: 0x0000000800000000, ArchiveRelocationMode: 0.
[2023-03-24T17:01:18.206+0530][gc,metaspace] Compressed class space mapped at: 0x0000000800c00000-0x0000000840c00000, reserved size: 1073741824
[2023-03-24T17:01:18.206+0530][gc,metaspace] Narrow klass base: 0x0000000800000000, Narrow klass shift: 0, Narrow klass range: 0x100000000
[2023-03-24T17:01:21.596+0530][gc,start    ] GC(0) Pause Young (Normal) (G1 Evacuation Pause)
[2023-03-24T17:01:21.598+0530][gc,task     ] GC(0) Using 8 workers of 8 for evacuation
[2023-03-24T17:01:21.610+0530][gc,phases   ] GC(0)   Pre Evacuate Collection Set: 0.3ms
[2023-03-24T17:01:21.610+0530][gc,phases   ] GC(0)   Merge Heap Roots: 0.2ms
[2023-03-24T17:01:21.610+0530][gc,phases   ] GC(0)   Evacuate Collection Set: 9.5ms
[2023-03-24T17:01:21.610+0530][gc,phases   ] GC(0)   Post Evacuate Collection Set: 1.5ms
[2023-03-24T17:01:21.610+0530][gc,phases   ] GC(0)   Other: 2.2ms
[2023-03-24T17:01:21.610+0530][gc,heap     ] GC(0) Eden regions: 51->0(44)
[2023-03-24T17:01:21.610+0530][gc,heap     ] GC(0) Survivor regions: 0->7(7)
[2023-03-24T17:01:21.610+0530][gc,heap     ] GC(0) Old regions: 0->1
[2023-03-24T17:01:21.610+0530][gc,heap     ] GC(0) Archive regions: 2->2
[2023-03-24T17:01:21.610+0530][gc,heap     ] GC(0) Humongous regions: 0->0
[2023-03-24T17:01:21.610+0530][gc,metaspace] GC(0) Metaspace: 18834K(19008K)->18834K(19008K) NonClass: 16575K(16704K)->16575K(16704K) Class: 2259K(2304K)->2259K(2304K)
[2023-03-24T17:01:21.610+0530][gc          ] GC(0) Pause Young (Normal) (G1 Evacuation Pause) 51M->8M(1024M) 13.871ms
[2023-03-24T17:01:21.610+0530][gc,cpu      ] GC(0) User=0.06s Sys=0.01s Real=0.02s
[2023-03-24T17:01:22.327+0530][gc,start    ] GC(1) Pause Young (Concurrent Start) (Metadata GC Threshold)
[2023-03-24T17:01:22.327+0530][gc,task     ] GC(1) Using 8 workers of 8 for evacuation
[2023-03-24T17:01:22.342+0530][gc,phases   ] GC(1)   Pre Evacuate Collection Set: 0.3ms
[2023-03-24T17:01:22.343+0530][gc,phases   ] GC(1)   Merge Heap Roots: 0.2ms
[2023-03-24T17:01:22.343+0530][gc,phases   ] GC(1)   Evacuate Collection Set: 12.9ms
[2023-03-24T17:01:22.343+0530][gc,phases   ] GC(1)   Post Evacuate Collection Set: 1.3ms
[2023-03-24T17:01:22.343+0530][gc,phases   ] GC(1)   Other: 0.6ms
[2023-03-24T17:01:22.343+0530][gc,heap     ] GC(1) Eden regions: 11->0(49)
[2023-03-24T17:01:22.343+0530][gc,heap     ] GC(1) Survivor regions: 7->2(7)
[2023-03-24T17:01:22.343+0530][gc,heap     ] GC(1) Old regions: 1->8
[2023-03-24T17:01:22.343+0530][gc,heap     ] GC(1) Archive regions: 2->2
[2023-03-24T17:01:22.343+0530][gc,heap     ] GC(1) Humongous regions: 129->129
[2023-03-24T17:01:22.343+0530][gc,metaspace] GC(1) Metaspace: 21254K(21504K)->21254K(21504K) NonClass: 18702K(18816K)->18702K(18816K) Class: 2552K(2688K)->2552K(2688K)
[2023-03-24T17:01:22.343+0530][gc          ] GC(1) Pause Young (Concurrent Start) (Metadata GC Threshold) 148M->138M(1024M) 15.745ms
[2023-03-24T17:01:22.343+0530][gc,cpu      ] GC(1) User=0.08s Sys=0.02s Real=0.02s
[2023-03-24T17:01:22.343+0530][gc          ] GC(2) Concurrent Mark Cycle
[2023-03-24T17:01:22.343+0530][gc,marking  ] GC(2) Concurrent Clear Claimed Marks
[2023-03-24T17:01:22.343+0530][gc,marking  ] GC(2) Concurrent Clear Claimed Marks 0.067ms
[2023-03-24T17:01:22.343+0530][gc,marking  ] GC(2) Concurrent Scan Root Regions
[2023-03-24T17:01:22.350+0530][gc,marking  ] GC(2) Concurrent Scan Root Regions 6.555ms
[2023-03-24T17:01:22.350+0530][gc,marking  ] GC(2) Concurrent Mark
[2023-03-24T17:01:22.350+0530][gc,marking  ] GC(2) Concurrent Mark From Roots
[2023-03-24T17:01:22.350+0530][gc,task     ] GC(2) Using 2 workers of 2 for marking
[2023-03-24T17:01:22.356+0530][gc,marking  ] GC(2) Concurrent Mark From Roots 6.187ms
[2023-03-24T17:01:22.356+0530][gc,marking  ] GC(2) Concurrent Preclean
[2023-03-24T17:01:22.357+0530][gc,marking  ] GC(2) Concurrent Preclean 0.269ms
[2023-03-24T17:01:22.357+0530][gc,start    ] GC(2) Pause Remark
[2023-03-24T17:01:22.362+0530][gc          ] GC(2) Pause Remark 139M->139M(1024M) 5.197ms
[2023-03-24T17:01:22.362+0530][gc,cpu      ] GC(2) User=0.02s Sys=0.01s Real=0.01s
[2023-03-24T17:01:22.362+0530][gc,marking  ] GC(2) Concurrent Mark 12.277ms
[2023-03-24T17:01:22.362+0530][gc,marking  ] GC(2) Concurrent Rebuild Remembered Sets
[2023-03-24T17:01:22.371+0530][gc,marking  ] GC(2) Concurrent Rebuild Remembered Sets 8.170ms
[2023-03-24T17:01:22.371+0530][gc,start    ] GC(2) Pause Cleanup
[2023-03-24T17:01:22.372+0530][gc          ] GC(2) Pause Cleanup 139M->139M(1024M) 0.420ms
[2023-03-24T17:01:22.372+0530][gc,cpu      ] GC(2) User=0.01s Sys=0.00s Real=0.00s
[2023-03-24T17:01:22.372+0530][gc,marking  ] GC(2) Concurrent Cleanup for Next Mark
[2023-03-24T17:01:22.383+0530][gc,marking  ] GC(2) Concurrent Cleanup for Next Mark 11.572ms
[2023-03-24T17:01:22.383+0530][gc          ] GC(2) Concurrent Mark Cycle 40.215ms
[2023-03-24T17:01:24.292+0530][gc,start    ] GC(3) Pause Young (Normal) (G1 Evacuation Pause)
[2023-03-24T17:01:24.292+0530][gc,task     ] GC(3) Using 8 workers of 8 for evacuation
[2023-03-24T17:01:24.307+0530][gc,phases   ] GC(3)   Pre Evacuate Collection Set: 0.5ms
[2023-03-24T17:01:24.307+0530][gc,phases   ] GC(3)   Merge Heap Roots: 0.1ms
[2023-03-24T17:01:24.307+0530][gc,phases   ] GC(3)   Evacuate Collection Set: 12.4ms
[2023-03-24T17:01:24.307+0530][gc,phases   ] GC(3)   Post Evacuate Collection Set: 1.6ms
[2023-03-24T17:01:24.307+0530][gc,phases   ] GC(3)   Other: 0.4ms
[2023-03-24T17:01:24.307+0530][gc,heap     ] GC(3) Eden regions: 49->0(45)
[2023-03-24T17:01:24.307+0530][gc,heap     ] GC(3) Survivor regions: 2->6(7)
[2023-03-24T17:01:24.307+0530][gc,heap     ] GC(3) Old regions: 8->8
[2023-03-24T17:01:24.307+0530][gc,heap     ] GC(3) Archive regions: 2->2
[2023-03-24T17:01:24.307+0530][gc,heap     ] GC(3) Humongous regions: 129->129
[2023-03-24T17:01:24.307+0530][gc,metaspace] GC(3) Metaspace: 32767K(33024K)->32767K(33024K) NonClass: 29096K(29248K)->29096K(29248K) Class: 3670K(3776K)->3670K(3776K)
[2023-03-24T17:01:24.307+0530][gc          ] GC(3) Pause Young (Normal) (G1 Evacuation Pause) 187M->142M(1024M) 15.253ms
[2023-03-24T17:01:24.307+0530][gc,cpu      ] GC(3) User=0.06s Sys=0.01s Real=0.01s
[2023-03-24T17:01:40.933+0530][gc,start    ] GC(4) Pause Young (Concurrent Start) (Metadata GC Threshold)
[2023-03-24T17:01:40.933+0530][gc,task     ] GC(4) Using 8 workers of 8 for evacuation
[2023-03-24T17:01:40.945+0530][gc,phases   ] GC(4)   Pre Evacuate Collection Set: 0.5ms
[2023-03-24T17:01:40.945+0530][gc,phases   ] GC(4)   Merge Heap Roots: 0.1ms
[2023-03-24T17:01:40.945+0530][gc,phases   ] GC(4)   Evacuate Collection Set: 10.0ms
[2023-03-24T17:01:40.945+0530][gc,phases   ] GC(4)   Post Evacuate Collection Set: 1.0ms
[2023-03-24T17:01:40.945+0530][gc,phases   ] GC(4)   Other: 0.4ms
[2023-03-24T17:01:40.945+0530][gc,heap     ] GC(4) Eden regions: 15->0(49)
[2023-03-24T17:01:40.945+0530][gc,heap     ] GC(4) Survivor regions: 6->2(7)
[2023-03-24T17:01:40.945+0530][gc,heap     ] GC(4) Old regions: 8->13
[2023-03-24T17:01:40.945+0530][gc,heap     ] GC(4) Archive regions: 2->2
[2023-03-24T17:01:40.945+0530][gc,heap     ] GC(4) Humongous regions: 129->129
[2023-03-24T17:01:40.945+0530][gc,metaspace] GC(4) Metaspace: 35656K(35968K)->35656K(35968K) NonClass: 31475K(31680K)->31475K(31680K) Class: 4181K(4288K)->4181K(4288K)
[2023-03-24T17:01:40.945+0530][gc          ] GC(4) Pause Young (Concurrent Start) (Metadata GC Threshold) 157M->143M(1024M) 12.469ms
[2023-03-24T17:01:40.945+0530][gc,cpu      ] GC(4) User=0.08s Sys=0.01s Real=0.01s
[2023-03-24T17:01:40.945+0530][gc          ] GC(5) Concurrent Mark Cycle
[2023-03-24T17:01:40.946+0530][gc,marking  ] GC(5) Concurrent Clear Claimed Marks
[2023-03-24T17:01:40.946+0530][gc,marking  ] GC(5) Concurrent Clear Claimed Marks 0.088ms
[2023-03-24T17:01:40.946+0530][gc,marking  ] GC(5) Concurrent Scan Root Regions
[2023-03-24T17:01:40.956+0530][gc,marking  ] GC(5) Concurrent Scan Root Regions 10.394ms
[2023-03-24T17:01:40.956+0530][gc,marking  ] GC(5) Concurrent Mark
[2023-03-24T17:01:40.956+0530][gc,marking  ] GC(5) Concurrent Mark From Roots
[2023-03-24T17:01:40.956+0530][gc,task     ] GC(5) Using 2 workers of 2 for marking
[2023-03-24T17:01:40.981+0530][gc,marking  ] GC(5) Concurrent Mark From Roots 24.836ms
[2023-03-24T17:01:40.981+0530][gc,marking  ] GC(5) Concurrent Preclean
[2023-03-24T17:01:40.982+0530][gc,marking  ] GC(5) Concurrent Preclean 0.390ms
[2023-03-24T17:01:40.982+0530][gc,start    ] GC(5) Pause Remark
[2023-03-24T17:01:40.985+0530][gc          ] GC(5) Pause Remark 145M->145M(1024M) 3.374ms
[2023-03-24T17:01:40.986+0530][gc,cpu      ] GC(5) User=0.01s Sys=0.01s Real=0.00s
[2023-03-24T17:01:40.986+0530][gc,marking  ] GC(5) Concurrent Mark 29.472ms
[2023-03-24T17:01:40.986+0530][gc,marking  ] GC(5) Concurrent Rebuild Remembered Sets
[2023-03-24T17:01:41.007+0530][gc,marking  ] GC(5) Concurrent Rebuild Remembered Sets 20.804ms
[2023-03-24T17:01:41.009+0530][gc,start    ] GC(5) Pause Cleanup
[2023-03-24T17:01:41.009+0530][gc          ] GC(5) Pause Cleanup 145M->145M(1024M) 0.475ms
[2023-03-24T17:01:41.009+0530][gc,cpu      ] GC(5) User=0.00s Sys=0.00s Real=0.01s
[2023-03-24T17:01:41.009+0530][gc,marking  ] GC(5) Concurrent Cleanup for Next Mark
[2023-03-24T17:01:41.020+0530][gc,marking  ] GC(5) Concurrent Cleanup for Next Mark 10.761ms
[2023-03-24T17:01:41.020+0530][gc          ] GC(5) Concurrent Mark Cycle 74.897ms
[2023-03-24T17:03:23.052+0530][gc,start    ] GC(6) Pause Young (Normal) (G1 Evacuation Pause)
[2023-03-24T17:03:23.052+0530][gc,task     ] GC(6) Using 8 workers of 8 for evacuation
[2023-03-24T17:03:23.079+0530][gc,mmu      ] GC(6) MMU target violated: 21.0ms (20.0ms/21.0ms)
[2023-03-24T17:03:23.079+0530][gc,phases   ] GC(6)   Pre Evacuate Collection Set: 0.6ms
[2023-03-24T17:03:23.080+0530][gc,phases   ] GC(6)   Merge Heap Roots: 0.3ms
[2023-03-24T17:03:23.080+0530][gc,phases   ] GC(6)   Evacuate Collection Set: 24.4ms
[2023-03-24T17:03:23.080+0530][gc,phases   ] GC(6)   Post Evacuate Collection Set: 1.9ms
[2023-03-24T17:03:23.080+0530][gc,phases   ] GC(6)   Other: 0.6ms
[2023-03-24T17:03:23.080+0530][gc,heap     ] GC(6) Eden regions: 49->0(47)
[2023-03-24T17:03:23.080+0530][gc,heap     ] GC(6) Survivor regions: 2->4(7)
[2023-03-24T17:03:23.080+0530][gc,heap     ] GC(6) Old regions: 13->13
[2023-03-24T17:03:23.080+0530][gc,heap     ] GC(6) Archive regions: 2->2
[2023-03-24T17:03:23.080+0530][gc,heap     ] GC(6) Humongous regions: 129->129
[2023-03-24T17:03:23.080+0530][gc,metaspace] GC(6) Metaspace: 40692K(41280K)->40692K(41280K) NonClass: 35833K(36160K)->35833K(36160K) Class: 4859K(5120K)->4859K(5120K)
[2023-03-24T17:03:23.080+0530][gc          ] GC(6) Pause Young (Normal) (G1 Evacuation Pause) 192M->146M(1024M) 28.163ms
[2023-03-24T17:03:23.080+0530][gc,cpu      ] GC(6) User=0.06s Sys=0.00s Real=0.02s
[2023-03-24T17:04:27.303+0530][gc,start    ] GC(7) Pause Young (Normal) (G1 Evacuation Pause)
[2023-03-24T17:04:27.303+0530][gc,task     ] GC(7) Using 8 workers of 8 for evacuation
[2023-03-24T17:04:27.316+0530][gc,phases   ] GC(7)   Pre Evacuate Collection Set: 0.3ms
[2023-03-24T17:04:27.316+0530][gc,phases   ] GC(7)   Merge Heap Roots: 0.2ms
[2023-03-24T17:04:27.316+0530][gc,phases   ] GC(7)   Evacuate Collection Set: 10.9ms
[2023-03-24T17:04:27.316+0530][gc,phases   ] GC(7)   Post Evacuate Collection Set: 1.1ms
[2023-03-24T17:04:27.316+0530][gc,phases   ] GC(7)   Other: 0.3ms
[2023-03-24T17:04:27.316+0530][gc,heap     ] GC(7) Eden regions: 47->0(46)
[2023-03-24T17:04:27.316+0530][gc,heap     ] GC(7) Survivor regions: 4->5(7)
[2023-03-24T17:04:27.316+0530][gc,heap     ] GC(7) Old regions: 13->14
[2023-03-24T17:04:27.316+0530][gc,heap     ] GC(7) Archive regions: 2->2
[2023-03-24T17:04:27.316+0530][gc,heap     ] GC(7) Humongous regions: 129->129
[2023-03-24T17:04:27.316+0530][gc,metaspace] GC(7) Metaspace: 41553K(42176K)->41553K(42176K) NonClass: 36693K(37056K)->36693K(37056K) Class: 4859K(5120K)->4859K(5120K)
[2023-03-24T17:04:27.316+0530][gc          ] GC(7) Pause Young (Normal) (G1 Evacuation Pause) 193M->148M(1024M) 13.110ms
[2023-03-24T17:04:27.316+0530][gc,cpu      ] GC(7) User=0.08s Sys=0.00s Real=0.01s
