[2023-03-24 21:00:03,613] INFO Creating topic output with configuration {} and initial partition assignment HashMap(0 -> ArrayBuffer(0)) (kafka.zk.AdminZkClient)
[2023-03-24 21:00:03,680] INFO [ReplicaFetcherManager on broker 0] Removed fetcher for partitions Set(output-0) (kafka.server.ReplicaFetcherManager)
[2023-03-24 21:00:03,690] INFO [LogLoader partition=output-0, dir=/tmp/kafka-logs] Loading producer state till offset 0 with message format version 2 (kafka.log.UnifiedLog$)
[2023-03-24 21:00:03,693] INFO Created log for partition output-0 in /tmp/kafka-logs/output-0 with properties {} (kafka.log.LogManager)
[2023-03-24 21:00:03,696] INFO [Partition output-0 broker=0] No checkpointed highwatermark is found for partition output-0 (kafka.cluster.Partition)
[2023-03-24 21:00:03,698] INFO [Partition output-0 broker=0] Log loaded for partition output-0 with initial high watermark 0 (kafka.cluster.Partition)
[2023-03-24 21:00:16,714] INFO [GroupCoordinator 0]: Dynamic member with unknown member id joins group console-consumer-62085 in Empty state. Created a new member id console-consumer-2e6f4a50-9f71-46ae-8c39-f15ff8d0e317 and request the member to rejoin with this id. (kafka.coordinator.group.GroupCoordinator)
[2023-03-24 21:00:16,748] INFO [GroupCoordinator 0]: Preparing to rebalance group console-consumer-62085 in state PreparingRebalance with old generation 0 (__consumer_offsets-2) (reason: Adding new member console-consumer-2e6f4a50-9f71-46ae-8c39-f15ff8d0e317 with group instance id None; client reason: rebalance failed due to MemberIdRequiredException) (kafka.coordinator.group.GroupCoordinator)
[2023-03-24 21:00:16,765] INFO [GroupCoordinator 0]: Stabilized group console-consumer-62085 generation 1 (__consumer_offsets-2) with 1 members (kafka.coordinator.group.GroupCoordinator)
[2023-03-24 21:00:16,824] INFO [GroupCoordinator 0]: Assignment received from leader console-consumer-2e6f4a50-9f71-46ae-8c39-f15ff8d0e317 for group console-consumer-62085 for generation 1. The group has 1 members, 0 of which are static. (kafka.coordinator.group.GroupCoordinator)
[2023-03-24 21:00:35,495] INFO [GroupCoordinator 0]: Dynamic member with unknown member id joins group spark-kafka-source-f12f96d0-9395-441b-8caa-6ade49cf1961-634738907-driver-0 in Empty state. Created a new member id consumer-spark-kafka-source-f12f96d0-9395-441b-8caa-6ade49cf1961-634738907-driver-0-1-90281cc1-e2af-4ca6-8419-13984fc54027 and request the member to rejoin with this id. (kafka.coordinator.group.GroupCoordinator)
[2023-03-24 21:00:35,500] INFO [GroupCoordinator 0]: Preparing to rebalance group spark-kafka-source-f12f96d0-9395-441b-8caa-6ade49cf1961-634738907-driver-0 in state PreparingRebalance with old generation 0 (__consumer_offsets-36) (reason: Adding new member consumer-spark-kafka-source-f12f96d0-9395-441b-8caa-6ade49cf1961-634738907-driver-0-1-90281cc1-e2af-4ca6-8419-13984fc54027 with group instance id None; client reason: not provided) (kafka.coordinator.group.GroupCoordinator)
[2023-03-24 21:00:35,501] INFO [GroupCoordinator 0]: Stabilized group spark-kafka-source-f12f96d0-9395-441b-8caa-6ade49cf1961-634738907-driver-0 generation 1 (__consumer_offsets-36) with 1 members (kafka.coordinator.group.GroupCoordinator)
[2023-03-24 21:00:35,520] INFO [GroupCoordinator 0]: Assignment received from leader consumer-spark-kafka-source-f12f96d0-9395-441b-8caa-6ade49cf1961-634738907-driver-0-1-90281cc1-e2af-4ca6-8419-13984fc54027 for group spark-kafka-source-f12f96d0-9395-441b-8caa-6ade49cf1961-634738907-driver-0 for generation 1. The group has 1 members, 0 of which are static. (kafka.coordinator.group.GroupCoordinator)
[2023-03-24 21:00:44,859] INFO [LocalLog partition=input-0, dir=/tmp/kafka-logs] Deleting segments as the log has been deleted: LogSegment(baseOffset=0, size=18384, lastModifiedTime=1679671502460, largestRecordTimestamp=Some(0)) (kafka.log.LocalLog)
[2023-03-24 21:00:44,864] INFO [LocalLog partition=input-0, dir=/tmp/kafka-logs] Deleting segment files LogSegment(baseOffset=0, size=18384, lastModifiedTime=1679671502460, largestRecordTimestamp=Some(0)) (kafka.log.LocalLog$)
[2023-03-24 21:00:44,874] INFO Deleted log /tmp/kafka-logs/input-0.5d721e7743dc45709d38eae6a34cbc8a-delete/00000000000000000000.log.deleted. (kafka.log.LogSegment)
[2023-03-24 21:00:44,893] INFO Deleted offset index /tmp/kafka-logs/input-0.5d721e7743dc45709d38eae6a34cbc8a-delete/00000000000000000000.index.deleted. (kafka.log.LogSegment)
[2023-03-24 21:00:44,910] INFO Deleted time index /tmp/kafka-logs/input-0.5d721e7743dc45709d38eae6a34cbc8a-delete/00000000000000000000.timeindex.deleted. (kafka.log.LogSegment)
[2023-03-24 21:00:44,937] INFO Deleted log for partition input-0 in /tmp/kafka-logs/input-0.5d721e7743dc45709d38eae6a34cbc8a-delete. (kafka.log.LogManager)
[2023-03-24 21:00:45,532] INFO [LocalLog partition=output-0, dir=/tmp/kafka-logs] Deleting segments as the log has been deleted: LogSegment(baseOffset=0, size=0, lastModifiedTime=1679671474327, largestRecordTimestamp=Some(0)) (kafka.log.LocalLog)
[2023-03-24 21:00:45,533] INFO [LocalLog partition=output-0, dir=/tmp/kafka-logs] Deleting segment files LogSegment(baseOffset=0, size=0, lastModifiedTime=1679671474327, largestRecordTimestamp=Some(0)) (kafka.log.LocalLog$)
[2023-03-24 21:00:45,533] INFO Deleted log /tmp/kafka-logs/output-0.4780e26180f3473aaadc750b7e49e726-delete/00000000000000000000.log.deleted. (kafka.log.LogSegment)
[2023-03-24 21:00:45,534] INFO Deleted offset index /tmp/kafka-logs/output-0.4780e26180f3473aaadc750b7e49e726-delete/00000000000000000000.index.deleted. (kafka.log.LogSegment)
[2023-03-24 21:00:45,534] INFO Deleted time index /tmp/kafka-logs/output-0.4780e26180f3473aaadc750b7e49e726-delete/00000000000000000000.timeindex.deleted. (kafka.log.LogSegment)
[2023-03-24 21:00:45,536] INFO Deleted log for partition output-0 in /tmp/kafka-logs/output-0.4780e26180f3473aaadc750b7e49e726-delete. (kafka.log.LogManager)
[2023-03-24 21:02:42,922] INFO [GroupCoordinator 0]: Member consumer-spark-kafka-source-f12f96d0-9395-441b-8caa-6ade49cf1961-634738907-driver-0-1-90281cc1-e2af-4ca6-8419-13984fc54027 in group spark-kafka-source-f12f96d0-9395-441b-8caa-6ade49cf1961-634738907-driver-0 has failed, removing it from the group (kafka.coordinator.group.GroupCoordinator)
[2023-03-24 21:02:42,925] INFO [GroupCoordinator 0]: Preparing to rebalance group spark-kafka-source-f12f96d0-9395-441b-8caa-6ade49cf1961-634738907-driver-0 in state PreparingRebalance with old generation 1 (__consumer_offsets-36) (reason: removing member consumer-spark-kafka-source-f12f96d0-9395-441b-8caa-6ade49cf1961-634738907-driver-0-1-90281cc1-e2af-4ca6-8419-13984fc54027 on heartbeat expiration) (kafka.coordinator.group.GroupCoordinator)
[2023-03-24 21:02:42,928] INFO [GroupCoordinator 0]: Group spark-kafka-source-f12f96d0-9395-441b-8caa-6ade49cf1961-634738907-driver-0 with generation 2 is now empty (__consumer_offsets-36) (kafka.coordinator.group.GroupCoordinator)
[2023-03-24 21:03:05,348] INFO [GroupCoordinator 0]: Preparing to rebalance group console-consumer-62085 in state PreparingRebalance with old generation 1 (__consumer_offsets-2) (reason: Removing member console-consumer-2e6f4a50-9f71-46ae-8c39-f15ff8d0e317 on LeaveGroup; client reason: the consumer is being closed) (kafka.coordinator.group.GroupCoordinator)
[2023-03-24 21:03:05,349] INFO [GroupCoordinator 0]: Group console-consumer-62085 with generation 2 is now empty (__consumer_offsets-2) (kafka.coordinator.group.GroupCoordinator)
[2023-03-24 21:03:05,355] INFO [GroupCoordinator 0]: Member MemberMetadata(memberId=console-consumer-2e6f4a50-9f71-46ae-8c39-f15ff8d0e317, groupInstanceId=None, clientId=console-consumer, clientHost=/127.0.0.1, sessionTimeoutMs=45000, rebalanceTimeoutMs=300000, supportedProtocols=List(range, cooperative-sticky)) has left group console-consumer-62085 through explicit `LeaveGroup`; client reason: the consumer is being closed (kafka.coordinator.group.GroupCoordinator)
[2023-03-24 21:03:23,910] INFO [GroupCoordinator 0]: Dynamic member with unknown member id joins group console-consumer-31406 in Empty state. Created a new member id console-consumer-b82a9070-3e1b-4aa9-87cf-ce73af4307a0 and request the member to rejoin with this id. (kafka.coordinator.group.GroupCoordinator)
[2023-03-24 21:03:23,918] INFO [GroupCoordinator 0]: Preparing to rebalance group console-consumer-31406 in state PreparingRebalance with old generation 0 (__consumer_offsets-45) (reason: Adding new member console-consumer-b82a9070-3e1b-4aa9-87cf-ce73af4307a0 with group instance id None; client reason: rebalance failed due to MemberIdRequiredException) (kafka.coordinator.group.GroupCoordinator)
[2023-03-24 21:03:23,923] INFO [GroupCoordinator 0]: Stabilized group console-consumer-31406 generation 1 (__consumer_offsets-45) with 1 members (kafka.coordinator.group.GroupCoordinator)
[2023-03-24 21:03:23,947] INFO [GroupCoordinator 0]: Assignment received from leader console-consumer-b82a9070-3e1b-4aa9-87cf-ce73af4307a0 for group console-consumer-31406 for generation 1. The group has 1 members, 0 of which are static. (kafka.coordinator.group.GroupCoordinator)
[2023-03-24 21:03:44,151] INFO [GroupCoordinator 0]: Dynamic member with unknown member id joins group spark-kafka-source-7c70ba1d-492f-4c6b-a9ba-79d33d4f985a-634738907-driver-0 in Empty state. Created a new member id consumer-spark-kafka-source-7c70ba1d-492f-4c6b-a9ba-79d33d4f985a-634738907-driver-0-1-06eff07c-e0c1-4ca7-b7b0-384e5edbea2f and request the member to rejoin with this id. (kafka.coordinator.group.GroupCoordinator)
[2023-03-24 21:03:44,156] INFO [GroupCoordinator 0]: Preparing to rebalance group spark-kafka-source-7c70ba1d-492f-4c6b-a9ba-79d33d4f985a-634738907-driver-0 in state PreparingRebalance with old generation 0 (__consumer_offsets-4) (reason: Adding new member consumer-spark-kafka-source-7c70ba1d-492f-4c6b-a9ba-79d33d4f985a-634738907-driver-0-1-06eff07c-e0c1-4ca7-b7b0-384e5edbea2f with group instance id None; client reason: not provided) (kafka.coordinator.group.GroupCoordinator)
[2023-03-24 21:03:44,157] INFO [GroupCoordinator 0]: Stabilized group spark-kafka-source-7c70ba1d-492f-4c6b-a9ba-79d33d4f985a-634738907-driver-0 generation 1 (__consumer_offsets-4) with 1 members (kafka.coordinator.group.GroupCoordinator)
[2023-03-24 21:03:44,173] INFO [GroupCoordinator 0]: Assignment received from leader consumer-spark-kafka-source-7c70ba1d-492f-4c6b-a9ba-79d33d4f985a-634738907-driver-0-1-06eff07c-e0c1-4ca7-b7b0-384e5edbea2f for group spark-kafka-source-7c70ba1d-492f-4c6b-a9ba-79d33d4f985a-634738907-driver-0 for generation 1. The group has 1 members, 0 of which are static. (kafka.coordinator.group.GroupCoordinator)
[2023-03-24 21:05:45,155] INFO [GroupCoordinator 0]: Preparing to rebalance group console-consumer-31406 in state PreparingRebalance with old generation 1 (__consumer_offsets-45) (reason: Removing member console-consumer-b82a9070-3e1b-4aa9-87cf-ce73af4307a0 on LeaveGroup; client reason: the consumer is being closed) (kafka.coordinator.group.GroupCoordinator)
[2023-03-24 21:05:45,156] INFO [GroupCoordinator 0]: Group console-consumer-31406 with generation 2 is now empty (__consumer_offsets-45) (kafka.coordinator.group.GroupCoordinator)
[2023-03-24 21:05:45,159] INFO [GroupCoordinator 0]: Member MemberMetadata(memberId=console-consumer-b82a9070-3e1b-4aa9-87cf-ce73af4307a0, groupInstanceId=None, clientId=console-consumer, clientHost=/127.0.0.1, sessionTimeoutMs=45000, rebalanceTimeoutMs=300000, supportedProtocols=List(range, cooperative-sticky)) has left group console-consumer-31406 through explicit `LeaveGroup`; client reason: the consumer is being closed (kafka.coordinator.group.GroupCoordinator)
[2023-03-24 21:05:51,699] INFO [GroupCoordinator 0]: Member consumer-spark-kafka-source-7c70ba1d-492f-4c6b-a9ba-79d33d4f985a-634738907-driver-0-1-06eff07c-e0c1-4ca7-b7b0-384e5edbea2f in group spark-kafka-source-7c70ba1d-492f-4c6b-a9ba-79d33d4f985a-634738907-driver-0 has failed, removing it from the group (kafka.coordinator.group.GroupCoordinator)
[2023-03-24 21:05:51,700] INFO [GroupCoordinator 0]: Preparing to rebalance group spark-kafka-source-7c70ba1d-492f-4c6b-a9ba-79d33d4f985a-634738907-driver-0 in state PreparingRebalance with old generation 1 (__consumer_offsets-4) (reason: removing member consumer-spark-kafka-source-7c70ba1d-492f-4c6b-a9ba-79d33d4f985a-634738907-driver-0-1-06eff07c-e0c1-4ca7-b7b0-384e5edbea2f on heartbeat expiration) (kafka.coordinator.group.GroupCoordinator)
[2023-03-24 21:05:51,700] INFO [GroupCoordinator 0]: Group spark-kafka-source-7c70ba1d-492f-4c6b-a9ba-79d33d4f985a-634738907-driver-0 with generation 2 is now empty (__consumer_offsets-4) (kafka.coordinator.group.GroupCoordinator)
[2023-03-24 21:06:01,018] INFO [GroupCoordinator 0]: Dynamic member with unknown member id joins group console-consumer-82615 in Empty state. Created a new member id console-consumer-94166951-3a97-4c91-b539-118a1700010d and request the member to rejoin with this id. (kafka.coordinator.group.GroupCoordinator)
[2023-03-24 21:06:01,023] INFO [GroupCoordinator 0]: Preparing to rebalance group console-consumer-82615 in state PreparingRebalance with old generation 0 (__consumer_offsets-43) (reason: Adding new member console-consumer-94166951-3a97-4c91-b539-118a1700010d with group instance id None; client reason: rebalance failed due to MemberIdRequiredException) (kafka.coordinator.group.GroupCoordinator)
[2023-03-24 21:06:01,024] INFO [GroupCoordinator 0]: Stabilized group console-consumer-82615 generation 1 (__consumer_offsets-43) with 1 members (kafka.coordinator.group.GroupCoordinator)
[2023-03-24 21:06:01,039] INFO [GroupCoordinator 0]: Assignment received from leader console-consumer-94166951-3a97-4c91-b539-118a1700010d for group console-consumer-82615 for generation 1. The group has 1 members, 0 of which are static. (kafka.coordinator.group.GroupCoordinator)
[2023-03-24 21:06:01,886] INFO [GroupCoordinator 0]: Preparing to rebalance group console-consumer-82615 in state PreparingRebalance with old generation 1 (__consumer_offsets-43) (reason: Removing member console-consumer-94166951-3a97-4c91-b539-118a1700010d on LeaveGroup; client reason: the consumer is being closed) (kafka.coordinator.group.GroupCoordinator)
[2023-03-24 21:06:01,886] INFO [GroupCoordinator 0]: Group console-consumer-82615 with generation 2 is now empty (__consumer_offsets-43) (kafka.coordinator.group.GroupCoordinator)
[2023-03-24 21:06:01,888] INFO [GroupCoordinator 0]: Member MemberMetadata(memberId=console-consumer-94166951-3a97-4c91-b539-118a1700010d, groupInstanceId=None, clientId=console-consumer, clientHost=/127.0.0.1, sessionTimeoutMs=45000, rebalanceTimeoutMs=300000, supportedProtocols=List(range, cooperative-sticky)) has left group console-consumer-82615 through explicit `LeaveGroup`; client reason: the consumer is being closed (kafka.coordinator.group.GroupCoordinator)
[2023-03-24 21:08:12,383] INFO [GroupMetadataManager brokerId=0] Group spark-kafka-source-7c70ba1d-492f-4c6b-a9ba-79d33d4f985a-634738907-driver-0 transitioned to Dead in generation 2 (kafka.coordinator.group.GroupMetadataManager)
[2023-03-24 21:08:12,398] INFO [GroupMetadataManager brokerId=0] Group console-consumer-31406 transitioned to Dead in generation 2 (kafka.coordinator.group.GroupMetadataManager)
[2023-03-24 21:08:12,400] INFO [GroupMetadataManager brokerId=0] Group console-consumer-62085 transitioned to Dead in generation 2 (kafka.coordinator.group.GroupMetadataManager)
[2023-03-24 21:08:12,401] INFO [GroupMetadataManager brokerId=0] Group spark-kafka-source-f12f96d0-9395-441b-8caa-6ade49cf1961-634738907-driver-0 transitioned to Dead in generation 2 (kafka.coordinator.group.GroupMetadataManager)
[2023-03-24 21:08:12,403] INFO [GroupMetadataManager brokerId=0] Group console-consumer-82615 transitioned to Dead in generation 2 (kafka.coordinator.group.GroupMetadataManager)
[2023-03-24 21:08:12,406] INFO [GroupCoordinator 0]: Removed 0 offsets associated with deleted partitions: input-0. (kafka.coordinator.group.GroupCoordinator)
[2023-03-24 21:08:12,454] INFO [ReplicaFetcherManager on broker 0] Removed fetcher for partitions Set(input-0) (kafka.server.ReplicaFetcherManager)
[2023-03-24 21:08:12,455] INFO [ReplicaAlterLogDirsManager on broker 0] Removed fetcher for partitions Set(input-0) (kafka.server.ReplicaAlterLogDirsManager)
[2023-03-24 21:08:12,477] INFO [ReplicaFetcherManager on broker 0] Removed fetcher for partitions Set(input-0) (kafka.server.ReplicaFetcherManager)
[2023-03-24 21:08:12,479] INFO [ReplicaAlterLogDirsManager on broker 0] Removed fetcher for partitions Set(input-0) (kafka.server.ReplicaAlterLogDirsManager)
[2023-03-24 21:08:12,505] INFO Log for partition input-0 is renamed to /tmp/kafka-logs/input-0.83917403ec3a4334b705e21044be1026-delete and is scheduled for deletion (kafka.log.LogManager)
[2023-03-24 21:08:16,611] INFO [GroupCoordinator 0]: Removed 0 offsets associated with deleted partitions: output-0. (kafka.coordinator.group.GroupCoordinator)
[2023-03-24 21:08:16,623] INFO [ReplicaFetcherManager on broker 0] Removed fetcher for partitions Set(output-0) (kafka.server.ReplicaFetcherManager)
[2023-03-24 21:08:16,623] INFO [ReplicaAlterLogDirsManager on broker 0] Removed fetcher for partitions Set(output-0) (kafka.server.ReplicaAlterLogDirsManager)
[2023-03-24 21:08:16,626] INFO [ReplicaFetcherManager on broker 0] Removed fetcher for partitions Set(output-0) (kafka.server.ReplicaFetcherManager)
[2023-03-24 21:08:16,626] INFO [ReplicaAlterLogDirsManager on broker 0] Removed fetcher for partitions Set(output-0) (kafka.server.ReplicaAlterLogDirsManager)
[2023-03-24 21:08:16,633] INFO Log for partition output-0 is renamed to /tmp/kafka-logs/output-0.f92cf2243ba847ec88f6a56c20bc15d1-delete and is scheduled for deletion (kafka.log.LogManager)
[2023-03-24 21:08:21,926] INFO Creating topic input with configuration {} and initial partition assignment HashMap(0 -> ArrayBuffer(0)) (kafka.zk.AdminZkClient)
[2023-03-24 21:08:21,971] INFO [ReplicaFetcherManager on broker 0] Removed fetcher for partitions Set(input-0) (kafka.server.ReplicaFetcherManager)
[2023-03-24 21:08:21,979] INFO [LogLoader partition=input-0, dir=/tmp/kafka-logs] Loading producer state till offset 0 with message format version 2 (kafka.log.UnifiedLog$)
[2023-03-24 21:08:21,980] INFO Created log for partition input-0 in /tmp/kafka-logs/input-0 with properties {} (kafka.log.LogManager)
[2023-03-24 21:08:21,981] INFO [Partition input-0 broker=0] No checkpointed highwatermark is found for partition input-0 (kafka.cluster.Partition)
[2023-03-24 21:08:21,982] INFO [Partition input-0 broker=0] Log loaded for partition input-0 with initial high watermark 0 (kafka.cluster.Partition)
[2023-03-24 21:08:25,842] INFO Creating topic output with configuration {} and initial partition assignment HashMap(0 -> ArrayBuffer(0)) (kafka.zk.AdminZkClient)
[2023-03-24 21:08:25,903] INFO [ReplicaFetcherManager on broker 0] Removed fetcher for partitions Set(output-0) (kafka.server.ReplicaFetcherManager)
[2023-03-24 21:08:25,913] INFO [LogLoader partition=output-0, dir=/tmp/kafka-logs] Loading producer state till offset 0 with message format version 2 (kafka.log.UnifiedLog$)
[2023-03-24 21:08:25,915] INFO Created log for partition output-0 in /tmp/kafka-logs/output-0 with properties {} (kafka.log.LogManager)
[2023-03-24 21:08:25,918] INFO [Partition output-0 broker=0] No checkpointed highwatermark is found for partition output-0 (kafka.cluster.Partition)
[2023-03-24 21:08:25,918] INFO [Partition output-0 broker=0] Log loaded for partition output-0 with initial high watermark 0 (kafka.cluster.Partition)
