[2023-03-24 17:01:24,220] INFO [Controller id=0 epoch=1] Sending UpdateMetadata request to brokers HashSet(0) for 0 partitions (state.change.logger)
[2023-03-24 17:01:40,737] INFO [Controller id=0 epoch=1] Changed partition input-0 state from NonExistentPartition to NewPartition with assigned replicas 0 (state.change.logger)
[2023-03-24 17:01:40,738] INFO [Controller id=0 epoch=1] Sending UpdateMetadata request to brokers HashSet() for 0 partitions (state.change.logger)
[2023-03-24 17:01:40,749] INFO [Controller id=0 epoch=1] Sending UpdateMetadata request to brokers HashSet() for 0 partitions (state.change.logger)
[2023-03-24 17:01:40,807] INFO [Controller id=0 epoch=1] Changed partition input-0 from NewPartition to OnlinePartition with state LeaderAndIsr(leader=0, leaderEpoch=0, isr=List(0), leaderRecoveryState=RECOVERED, partitionEpoch=0) (state.change.logger)
[2023-03-24 17:01:40,816] INFO [Controller id=0 epoch=1] Sending LeaderAndIsr request to broker 0 with 1 become-leader and 0 become-follower partitions (state.change.logger)
[2023-03-24 17:01:40,821] INFO [Controller id=0 epoch=1] Sending UpdateMetadata request to brokers HashSet(0) for 1 partitions (state.change.logger)
[2023-03-24 17:01:40,823] INFO [Controller id=0 epoch=1] Sending UpdateMetadata request to brokers HashSet() for 0 partitions (state.change.logger)
[2023-03-24 17:01:40,835] INFO [Broker id=0] Handling LeaderAndIsr request correlationId 1 from controller 0 for 1 partitions (state.change.logger)
[2023-03-24 17:01:40,904] INFO [Broker id=0] Stopped fetchers as part of LeaderAndIsr request correlationId 1 from controller 0 epoch 1 as part of the become-leader transition for 1 partitions (state.change.logger)
[2023-03-24 17:01:41,124] INFO [Broker id=0] Leader input-0 with topic id Some(JeyajJvJQQKIxXbPT6IWpQ) starts at leader epoch 0 from offset 0 with partition epoch 0, high watermark 0, ISR [0], adding replicas [] and removing replicas []. Previous leader epoch was -1. (state.change.logger)
[2023-03-24 17:01:41,161] INFO [Broker id=0] Finished LeaderAndIsr request in 330ms correlationId 1 from controller 0 for 1 partitions (state.change.logger)
[2023-03-24 17:01:41,189] INFO [Broker id=0] Add 1 partitions and deleted 0 partitions from metadata cache in response to UpdateMetadata request sent by controller 0 epoch 1 with correlation id 2 (state.change.logger)
[2023-03-24 17:01:46,764] INFO [Controller id=0 epoch=1] Changed partition output-0 state from NonExistentPartition to NewPartition with assigned replicas 0 (state.change.logger)
[2023-03-24 17:01:46,764] INFO [Controller id=0 epoch=1] Sending UpdateMetadata request to brokers HashSet() for 0 partitions (state.change.logger)
[2023-03-24 17:01:46,766] INFO [Controller id=0 epoch=1] Sending UpdateMetadata request to brokers HashSet() for 0 partitions (state.change.logger)
[2023-03-24 17:01:46,799] INFO [Controller id=0 epoch=1] Changed partition output-0 from NewPartition to OnlinePartition with state LeaderAndIsr(leader=0, leaderEpoch=0, isr=List(0), leaderRecoveryState=RECOVERED, partitionEpoch=0) (state.change.logger)
[2023-03-24 17:01:46,799] INFO [Controller id=0 epoch=1] Sending LeaderAndIsr request to broker 0 with 1 become-leader and 0 become-follower partitions (state.change.logger)
[2023-03-24 17:01:46,800] INFO [Controller id=0 epoch=1] Sending UpdateMetadata request to brokers HashSet(0) for 1 partitions (state.change.logger)
[2023-03-24 17:01:46,802] INFO [Controller id=0 epoch=1] Sending UpdateMetadata request to brokers HashSet() for 0 partitions (state.change.logger)
[2023-03-24 17:01:46,804] INFO [Broker id=0] Handling LeaderAndIsr request correlationId 3 from controller 0 for 1 partitions (state.change.logger)
[2023-03-24 17:01:46,810] INFO [Broker id=0] Stopped fetchers as part of LeaderAndIsr request correlationId 3 from controller 0 epoch 1 as part of the become-leader transition for 1 partitions (state.change.logger)
[2023-03-24 17:01:46,834] INFO [Broker id=0] Leader output-0 with topic id Some(t96eL4MdQ8Ocdb7kO2QSpw) starts at leader epoch 0 from offset 0 with partition epoch 0, high watermark 0, ISR [0], adding replicas [] and removing replicas []. Previous leader epoch was -1. (state.change.logger)
[2023-03-24 17:01:46,840] INFO [Broker id=0] Finished LeaderAndIsr request in 36ms correlationId 3 from controller 0 for 1 partitions (state.change.logger)
[2023-03-24 17:01:46,846] INFO [Broker id=0] Add 1 partitions and deleted 0 partitions from metadata cache in response to UpdateMetadata request sent by controller 0 epoch 1 with correlation id 4 (state.change.logger)
[2023-03-24 17:02:34,064] INFO [Controller id=0 epoch=1] Changed partition __consumer_offsets-22 state from NonExistentPartition to NewPartition with assigned replicas 0 (state.change.logger)
[2023-03-24 17:02:34,064] INFO [Controller id=0 epoch=1] Changed partition __consumer_offsets-30 state from NonExistentPartition to NewPartition with assigned replicas 0 (state.change.logger)
[2023-03-24 17:02:34,064] INFO [Controller id=0 epoch=1] Changed partition __consumer_offsets-25 state from NonExistentPartition to NewPartition with assigned replicas 0 (state.change.logger)
[2023-03-24 17:02:34,065] INFO [Controller id=0 epoch=1] Changed partition __consumer_offsets-35 state from NonExistentPartition to NewPartition with assigned replicas 0 (state.change.logger)
[2023-03-24 17:02:34,065] INFO [Controller id=0 epoch=1] Changed partition __consumer_offsets-37 state from NonExistentPartition to NewPartition with assigned replicas 0 (state.change.logger)
[2023-03-24 17:02:34,065] INFO [Controller id=0 epoch=1] Changed partition __consumer_offsets-38 state from NonExistentPartition to NewPartition with assigned replicas 0 (state.change.logger)
[2023-03-24 17:02:34,065] INFO [Controller id=0 epoch=1] Changed partition __consumer_offsets-13 state from NonExistentPartition to NewPartition with assigned replicas 0 (state.change.logger)
[2023-03-24 17:02:34,065] INFO [Controller id=0 epoch=1] Changed partition __consumer_offsets-8 state from NonExistentPartition to NewPartition with assigned replicas 0 (state.change.logger)
[2023-03-24 17:02:34,066] INFO [Controller id=0 epoch=1] Changed partition __consumer_offsets-21 state from NonExistentPartition to NewPartition with assigned replicas 0 (state.change.logger)
[2023-03-24 17:02:34,066] INFO [Controller id=0 epoch=1] Changed partition __consumer_offsets-4 state from NonExistentPartition to NewPartition with assigned replicas 0 (state.change.logger)
[2023-03-24 17:02:34,066] INFO [Controller id=0 epoch=1] Changed partition __consumer_offsets-27 state from NonExistentPartition to NewPartition with assigned replicas 0 (state.change.logger)
[2023-03-24 17:02:34,066] INFO [Controller id=0 epoch=1] Changed partition __consumer_offsets-7 state from NonExistentPartition to NewPartition with assigned replicas 0 (state.change.logger)
[2023-03-24 17:02:34,066] INFO [Controller id=0 epoch=1] Changed partition __consumer_offsets-9 state from NonExistentPartition to NewPartition with assigned replicas 0 (state.change.logger)
[2023-03-24 17:02:34,067] INFO [Controller id=0 epoch=1] Changed partition __consumer_offsets-46 state from NonExistentPartition to NewPartition with assigned replicas 0 (state.change.logger)
[2023-03-24 17:02:34,067] INFO [Controller id=0 epoch=1] Changed partition __consumer_offsets-41 state from NonExistentPartition to NewPartition with assigned replicas 0 (state.change.logger)
[2023-03-24 17:02:34,067] INFO [Controller id=0 epoch=1] Changed partition __consumer_offsets-33 state from NonExistentPartition to NewPartition with assigned replicas 0 (state.change.logger)
[2023-03-24 17:02:34,067] INFO [Controller id=0 epoch=1] Changed partition __consumer_offsets-23 state from NonExistentPartition to NewPartition with assigned replicas 0 (state.change.logger)
[2023-03-24 17:02:34,067] INFO [Controller id=0 epoch=1] Changed partition __consumer_offsets-49 state from NonExistentPartition to NewPartition with assigned replicas 0 (state.change.logger)
[2023-03-24 17:02:34,067] INFO [Controller id=0 epoch=1] Changed partition __consumer_offsets-47 state from NonExistentPartition to NewPartition with assigned replicas 0 (state.change.logger)
[2023-03-24 17:02:34,067] INFO [Controller id=0 epoch=1] Changed partition __consumer_offsets-16 state from NonExistentPartition to NewPartition with assigned replicas 0 (state.change.logger)
[2023-03-24 17:02:34,067] INFO [Controller id=0 epoch=1] Changed partition __consumer_offsets-28 state from NonExistentPartition to NewPartition with assigned replicas 0 (state.change.logger)
[2023-03-24 17:02:34,067] INFO [Controller id=0 epoch=1] Changed partition __consumer_offsets-31 state from NonExistentPartition to NewPartition with assigned replicas 0 (state.change.logger)
[2023-03-24 17:02:34,068] INFO [Controller id=0 epoch=1] Changed partition __consumer_offsets-36 state from NonExistentPartition to NewPartition with assigned replicas 0 (state.change.logger)
[2023-03-24 17:02:34,068] INFO [Controller id=0 epoch=1] Changed partition __consumer_offsets-42 state from NonExistentPartition to NewPartition with assigned replicas 0 (state.change.logger)
[2023-03-24 17:02:34,068] INFO [Controller id=0 epoch=1] Changed partition __consumer_offsets-3 state from NonExistentPartition to NewPartition with assigned replicas 0 (state.change.logger)
[2023-03-24 17:02:34,068] INFO [Controller id=0 epoch=1] Changed partition __consumer_offsets-18 state from NonExistentPartition to NewPartition with assigned replicas 0 (state.change.logger)
[2023-03-24 17:02:34,068] INFO [Controller id=0 epoch=1] Changed partition __consumer_offsets-15 state from NonExistentPartition to NewPartition with assigned replicas 0 (state.change.logger)
[2023-03-24 17:02:34,068] INFO [Controller id=0 epoch=1] Changed partition __consumer_offsets-24 state from NonExistentPartition to NewPartition with assigned replicas 0 (state.change.logger)
[2023-03-24 17:02:34,068] INFO [Controller id=0 epoch=1] Changed partition __consumer_offsets-17 state from NonExistentPartition to NewPartition with assigned replicas 0 (state.change.logger)
[2023-03-24 17:02:34,068] INFO [Controller id=0 epoch=1] Changed partition __consumer_offsets-48 state from NonExistentPartition to NewPartition with assigned replicas 0 (state.change.logger)
[2023-03-24 17:02:34,069] INFO [Controller id=0 epoch=1] Changed partition __consumer_offsets-19 state from NonExistentPartition to NewPartition with assigned replicas 0 (state.change.logger)
[2023-03-24 17:02:34,069] INFO [Controller id=0 epoch=1] Changed partition __consumer_offsets-11 state from NonExistentPartition to NewPartition with assigned replicas 0 (state.change.logger)
[2023-03-24 17:02:34,069] INFO [Controller id=0 epoch=1] Changed partition __consumer_offsets-2 state from NonExistentPartition to NewPartition with assigned replicas 0 (state.change.logger)
[2023-03-24 17:02:34,069] INFO [Controller id=0 epoch=1] Changed partition __consumer_offsets-43 state from NonExistentPartition to NewPartition with assigned replicas 0 (state.change.logger)
[2023-03-24 17:02:34,069] INFO [Controller id=0 epoch=1] Changed partition __consumer_offsets-6 state from NonExistentPartition to NewPartition with assigned replicas 0 (state.change.logger)
[2023-03-24 17:02:34,069] INFO [Controller id=0 epoch=1] Changed partition __consumer_offsets-14 state from NonExistentPartition to NewPartition with assigned replicas 0 (state.change.logger)
[2023-03-24 17:02:34,069] INFO [Controller id=0 epoch=1] Changed partition __consumer_offsets-20 state from NonExistentPartition to NewPartition with assigned replicas 0 (state.change.logger)
[2023-03-24 17:02:34,069] INFO [Controller id=0 epoch=1] Changed partition __consumer_offsets-0 state from NonExistentPartition to NewPartition with assigned replicas 0 (state.change.logger)
[2023-03-24 17:02:34,069] INFO [Controller id=0 epoch=1] Changed partition __consumer_offsets-44 state from NonExistentPartition to NewPartition with assigned replicas 0 (state.change.logger)
[2023-03-24 17:02:34,070] INFO [Controller id=0 epoch=1] Changed partition __consumer_offsets-39 state from NonExistentPartition to NewPartition with assigned replicas 0 (state.change.logger)
[2023-03-24 17:02:34,070] INFO [Controller id=0 epoch=1] Changed partition __consumer_offsets-12 state from NonExistentPartition to NewPartition with assigned replicas 0 (state.change.logger)
[2023-03-24 17:02:34,070] INFO [Controller id=0 epoch=1] Changed partition __consumer_offsets-45 state from NonExistentPartition to NewPartition with assigned replicas 0 (state.change.logger)
[2023-03-24 17:02:34,070] INFO [Controller id=0 epoch=1] Changed partition __consumer_offsets-1 state from NonExistentPartition to NewPartition with assigned replicas 0 (state.change.logger)
[2023-03-24 17:02:34,070] INFO [Controller id=0 epoch=1] Changed partition __consumer_offsets-5 state from NonExistentPartition to NewPartition with assigned replicas 0 (state.change.logger)
[2023-03-24 17:02:34,070] INFO [Controller id=0 epoch=1] Changed partition __consumer_offsets-26 state from NonExistentPartition to NewPartition with assigned replicas 0 (state.change.logger)
[2023-03-24 17:02:34,070] INFO [Controller id=0 epoch=1] Changed partition __consumer_offsets-29 state from NonExistentPartition to NewPartition with assigned replicas 0 (state.change.logger)
[2023-03-24 17:02:34,070] INFO [Controller id=0 epoch=1] Changed partition __consumer_offsets-34 state from NonExistentPartition to NewPartition with assigned replicas 0 (state.change.logger)
[2023-03-24 17:02:34,070] INFO [Controller id=0 epoch=1] Changed partition __consumer_offsets-10 state from NonExistentPartition to NewPartition with assigned replicas 0 (state.change.logger)
[2023-03-24 17:02:34,071] INFO [Controller id=0 epoch=1] Changed partition __consumer_offsets-32 state from NonExistentPartition to NewPartition with assigned replicas 0 (state.change.logger)
[2023-03-24 17:02:34,071] INFO [Controller id=0 epoch=1] Changed partition __consumer_offsets-40 state from NonExistentPartition to NewPartition with assigned replicas 0 (state.change.logger)
[2023-03-24 17:02:34,071] INFO [Controller id=0 epoch=1] Sending UpdateMetadata request to brokers HashSet() for 0 partitions (state.change.logger)
[2023-03-24 17:02:34,078] INFO [Controller id=0 epoch=1] Sending UpdateMetadata request to brokers HashSet() for 0 partitions (state.change.logger)
[2023-03-24 17:02:34,363] INFO [Controller id=0 epoch=1] Changed partition __consumer_offsets-22 from NewPartition to OnlinePartition with state LeaderAndIsr(leader=0, leaderEpoch=0, isr=List(0), leaderRecoveryState=RECOVERED, partitionEpoch=0) (state.change.logger)
[2023-03-24 17:02:34,363] INFO [Controller id=0 epoch=1] Changed partition __consumer_offsets-30 from NewPartition to OnlinePartition with state LeaderAndIsr(leader=0, leaderEpoch=0, isr=List(0), leaderRecoveryState=RECOVERED, partitionEpoch=0) (state.change.logger)
[2023-03-24 17:02:34,364] INFO [Controller id=0 epoch=1] Changed partition __consumer_offsets-25 from NewPartition to OnlinePartition with state LeaderAndIsr(leader=0, leaderEpoch=0, isr=List(0), leaderRecoveryState=RECOVERED, partitionEpoch=0) (state.change.logger)
[2023-03-24 17:02:34,364] INFO [Controller id=0 epoch=1] Changed partition __consumer_offsets-35 from NewPartition to OnlinePartition with state LeaderAndIsr(leader=0, leaderEpoch=0, isr=List(0), leaderRecoveryState=RECOVERED, partitionEpoch=0) (state.change.logger)
[2023-03-24 17:02:34,364] INFO [Controller id=0 epoch=1] Changed partition __consumer_offsets-37 from NewPartition to OnlinePartition with state LeaderAndIsr(leader=0, leaderEpoch=0, isr=List(0), leaderRecoveryState=RECOVERED, partitionEpoch=0) (state.change.logger)
[2023-03-24 17:02:34,364] INFO [Controller id=0 epoch=1] Changed partition __consumer_offsets-38 from NewPartition to OnlinePartition with state LeaderAndIsr(leader=0, leaderEpoch=0, isr=List(0), leaderRecoveryState=RECOVERED, partitionEpoch=0) (state.change.logger)
[2023-03-24 17:02:34,364] INFO [Controller id=0 epoch=1] Changed partition __consumer_offsets-13 from NewPartition to OnlinePartition with state LeaderAndIsr(leader=0, leaderEpoch=0, isr=List(0), leaderRecoveryState=RECOVERED, partitionEpoch=0) (state.change.logger)
[2023-03-24 17:02:34,364] INFO [Controller id=0 epoch=1] Changed partition __consumer_offsets-8 from NewPartition to OnlinePartition with state LeaderAndIsr(leader=0, leaderEpoch=0, isr=List(0), leaderRecoveryState=RECOVERED, partitionEpoch=0) (state.change.logger)
[2023-03-24 17:02:34,365] INFO [Controller id=0 epoch=1] Changed partition __consumer_offsets-21 from NewPartition to OnlinePartition with state LeaderAndIsr(leader=0, leaderEpoch=0, isr=List(0), leaderRecoveryState=RECOVERED, partitionEpoch=0) (state.change.logger)
[2023-03-24 17:02:34,365] INFO [Controller id=0 epoch=1] Changed partition __consumer_offsets-4 from NewPartition to OnlinePartition with state LeaderAndIsr(leader=0, leaderEpoch=0, isr=List(0), leaderRecoveryState=RECOVERED, partitionEpoch=0) (state.change.logger)
[2023-03-24 17:02:34,366] INFO [Controller id=0 epoch=1] Changed partition __consumer_offsets-27 from NewPartition to OnlinePartition with state LeaderAndIsr(leader=0, leaderEpoch=0, isr=List(0), leaderRecoveryState=RECOVERED, partitionEpoch=0) (state.change.logger)
[2023-03-24 17:02:34,366] INFO [Controller id=0 epoch=1] Changed partition __consumer_offsets-7 from NewPartition to OnlinePartition with state LeaderAndIsr(leader=0, leaderEpoch=0, isr=List(0), leaderRecoveryState=RECOVERED, partitionEpoch=0) (state.change.logger)
[2023-03-24 17:02:34,366] INFO [Controller id=0 epoch=1] Changed partition __consumer_offsets-9 from NewPartition to OnlinePartition with state LeaderAndIsr(leader=0, leaderEpoch=0, isr=List(0), leaderRecoveryState=RECOVERED, partitionEpoch=0) (state.change.logger)
[2023-03-24 17:02:34,366] INFO [Controller id=0 epoch=1] Changed partition __consumer_offsets-46 from NewPartition to OnlinePartition with state LeaderAndIsr(leader=0, leaderEpoch=0, isr=List(0), leaderRecoveryState=RECOVERED, partitionEpoch=0) (state.change.logger)
[2023-03-24 17:02:34,367] INFO [Controller id=0 epoch=1] Changed partition __consumer_offsets-41 from NewPartition to OnlinePartition with state LeaderAndIsr(leader=0, leaderEpoch=0, isr=List(0), leaderRecoveryState=RECOVERED, partitionEpoch=0) (state.change.logger)
[2023-03-24 17:02:34,367] INFO [Controller id=0 epoch=1] Changed partition __consumer_offsets-33 from NewPartition to OnlinePartition with state LeaderAndIsr(leader=0, leaderEpoch=0, isr=List(0), leaderRecoveryState=RECOVERED, partitionEpoch=0) (state.change.logger)
[2023-03-24 17:02:34,367] INFO [Controller id=0 epoch=1] Changed partition __consumer_offsets-23 from NewPartition to OnlinePartition with state LeaderAndIsr(leader=0, leaderEpoch=0, isr=List(0), leaderRecoveryState=RECOVERED, partitionEpoch=0) (state.change.logger)
[2023-03-24 17:02:34,367] INFO [Controller id=0 epoch=1] Changed partition __consumer_offsets-49 from NewPartition to OnlinePartition with state LeaderAndIsr(leader=0, leaderEpoch=0, isr=List(0), leaderRecoveryState=RECOVERED, partitionEpoch=0) (state.change.logger)
[2023-03-24 17:02:34,367] INFO [Controller id=0 epoch=1] Changed partition __consumer_offsets-47 from NewPartition to OnlinePartition with state LeaderAndIsr(leader=0, leaderEpoch=0, isr=List(0), leaderRecoveryState=RECOVERED, partitionEpoch=0) (state.change.logger)
[2023-03-24 17:02:34,367] INFO [Controller id=0 epoch=1] Changed partition __consumer_offsets-16 from NewPartition to OnlinePartition with state LeaderAndIsr(leader=0, leaderEpoch=0, isr=List(0), leaderRecoveryState=RECOVERED, partitionEpoch=0) (state.change.logger)
[2023-03-24 17:02:34,368] INFO [Controller id=0 epoch=1] Changed partition __consumer_offsets-28 from NewPartition to OnlinePartition with state LeaderAndIsr(leader=0, leaderEpoch=0, isr=List(0), leaderRecoveryState=RECOVERED, partitionEpoch=0) (state.change.logger)
[2023-03-24 17:02:34,368] INFO [Controller id=0 epoch=1] Changed partition __consumer_offsets-31 from NewPartition to OnlinePartition with state LeaderAndIsr(leader=0, leaderEpoch=0, isr=List(0), leaderRecoveryState=RECOVERED, partitionEpoch=0) (state.change.logger)
[2023-03-24 17:02:34,368] INFO [Controller id=0 epoch=1] Changed partition __consumer_offsets-36 from NewPartition to OnlinePartition with state LeaderAndIsr(leader=0, leaderEpoch=0, isr=List(0), leaderRecoveryState=RECOVERED, partitionEpoch=0) (state.change.logger)
[2023-03-24 17:02:34,368] INFO [Controller id=0 epoch=1] Changed partition __consumer_offsets-42 from NewPartition to OnlinePartition with state LeaderAndIsr(leader=0, leaderEpoch=0, isr=List(0), leaderRecoveryState=RECOVERED, partitionEpoch=0) (state.change.logger)
[2023-03-24 17:02:34,368] INFO [Controller id=0 epoch=1] Changed partition __consumer_offsets-3 from NewPartition to OnlinePartition with state LeaderAndIsr(leader=0, leaderEpoch=0, isr=List(0), leaderRecoveryState=RECOVERED, partitionEpoch=0) (state.change.logger)
[2023-03-24 17:02:34,368] INFO [Controller id=0 epoch=1] Changed partition __consumer_offsets-18 from NewPartition to OnlinePartition with state LeaderAndIsr(leader=0, leaderEpoch=0, isr=List(0), leaderRecoveryState=RECOVERED, partitionEpoch=0) (state.change.logger)
[2023-03-24 17:02:34,368] INFO [Controller id=0 epoch=1] Changed partition __consumer_offsets-15 from NewPartition to OnlinePartition with state LeaderAndIsr(leader=0, leaderEpoch=0, isr=List(0), leaderRecoveryState=RECOVERED, partitionEpoch=0) (state.change.logger)
[2023-03-24 17:02:34,368] INFO [Controller id=0 epoch=1] Changed partition __consumer_offsets-24 from NewPartition to OnlinePartition with state LeaderAndIsr(leader=0, leaderEpoch=0, isr=List(0), leaderRecoveryState=RECOVERED, partitionEpoch=0) (state.change.logger)
[2023-03-24 17:02:34,369] INFO [Controller id=0 epoch=1] Changed partition __consumer_offsets-17 from NewPartition to OnlinePartition with state LeaderAndIsr(leader=0, leaderEpoch=0, isr=List(0), leaderRecoveryState=RECOVERED, partitionEpoch=0) (state.change.logger)
[2023-03-24 17:02:34,369] INFO [Controller id=0 epoch=1] Changed partition __consumer_offsets-48 from NewPartition to OnlinePartition with state LeaderAndIsr(leader=0, leaderEpoch=0, isr=List(0), leaderRecoveryState=RECOVERED, partitionEpoch=0) (state.change.logger)
[2023-03-24 17:02:34,369] INFO [Controller id=0 epoch=1] Changed partition __consumer_offsets-19 from NewPartition to OnlinePartition with state LeaderAndIsr(leader=0, leaderEpoch=0, isr=List(0), leaderRecoveryState=RECOVERED, partitionEpoch=0) (state.change.logger)
[2023-03-24 17:02:34,370] INFO [Controller id=0 epoch=1] Changed partition __consumer_offsets-11 from NewPartition to OnlinePartition with state LeaderAndIsr(leader=0, leaderEpoch=0, isr=List(0), leaderRecoveryState=RECOVERED, partitionEpoch=0) (state.change.logger)
[2023-03-24 17:02:34,370] INFO [Controller id=0 epoch=1] Changed partition __consumer_offsets-2 from NewPartition to OnlinePartition with state LeaderAndIsr(leader=0, leaderEpoch=0, isr=List(0), leaderRecoveryState=RECOVERED, partitionEpoch=0) (state.change.logger)
[2023-03-24 17:02:34,370] INFO [Controller id=0 epoch=1] Changed partition __consumer_offsets-43 from NewPartition to OnlinePartition with state LeaderAndIsr(leader=0, leaderEpoch=0, isr=List(0), leaderRecoveryState=RECOVERED, partitionEpoch=0) (state.change.logger)
[2023-03-24 17:02:34,370] INFO [Controller id=0 epoch=1] Changed partition __consumer_offsets-6 from NewPartition to OnlinePartition with state LeaderAndIsr(leader=0, leaderEpoch=0, isr=List(0), leaderRecoveryState=RECOVERED, partitionEpoch=0) (state.change.logger)
[2023-03-24 17:02:34,370] INFO [Controller id=0 epoch=1] Changed partition __consumer_offsets-14 from NewPartition to OnlinePartition with state LeaderAndIsr(leader=0, leaderEpoch=0, isr=List(0), leaderRecoveryState=RECOVERED, partitionEpoch=0) (state.change.logger)
[2023-03-24 17:02:34,370] INFO [Controller id=0 epoch=1] Changed partition __consumer_offsets-20 from NewPartition to OnlinePartition with state LeaderAndIsr(leader=0, leaderEpoch=0, isr=List(0), leaderRecoveryState=RECOVERED, partitionEpoch=0) (state.change.logger)
[2023-03-24 17:02:34,371] INFO [Controller id=0 epoch=1] Changed partition __consumer_offsets-0 from NewPartition to OnlinePartition with state LeaderAndIsr(leader=0, leaderEpoch=0, isr=List(0), leaderRecoveryState=RECOVERED, partitionEpoch=0) (state.change.logger)
[2023-03-24 17:02:34,371] INFO [Controller id=0 epoch=1] Changed partition __consumer_offsets-44 from NewPartition to OnlinePartition with state LeaderAndIsr(leader=0, leaderEpoch=0, isr=List(0), leaderRecoveryState=RECOVERED, partitionEpoch=0) (state.change.logger)
[2023-03-24 17:02:34,371] INFO [Controller id=0 epoch=1] Changed partition __consumer_offsets-39 from NewPartition to OnlinePartition with state LeaderAndIsr(leader=0, leaderEpoch=0, isr=List(0), leaderRecoveryState=RECOVERED, partitionEpoch=0) (state.change.logger)
[2023-03-24 17:02:34,371] INFO [Controller id=0 epoch=1] Changed partition __consumer_offsets-12 from NewPartition to OnlinePartition with state LeaderAndIsr(leader=0, leaderEpoch=0, isr=List(0), leaderRecoveryState=RECOVERED, partitionEpoch=0) (state.change.logger)
[2023-03-24 17:02:34,371] INFO [Controller id=0 epoch=1] Changed partition __consumer_offsets-45 from NewPartition to OnlinePartition with state LeaderAndIsr(leader=0, leaderEpoch=0, isr=List(0), leaderRecoveryState=RECOVERED, partitionEpoch=0) (state.change.logger)
[2023-03-24 17:02:34,371] INFO [Controller id=0 epoch=1] Changed partition __consumer_offsets-1 from NewPartition to OnlinePartition with state LeaderAndIsr(leader=0, leaderEpoch=0, isr=List(0), leaderRecoveryState=RECOVERED, partitionEpoch=0) (state.change.logger)
[2023-03-24 17:02:34,371] INFO [Controller id=0 epoch=1] Changed partition __consumer_offsets-5 from NewPartition to OnlinePartition with state LeaderAndIsr(leader=0, leaderEpoch=0, isr=List(0), leaderRecoveryState=RECOVERED, partitionEpoch=0) (state.change.logger)
[2023-03-24 17:02:34,371] INFO [Controller id=0 epoch=1] Changed partition __consumer_offsets-26 from NewPartition to OnlinePartition with state LeaderAndIsr(leader=0, leaderEpoch=0, isr=List(0), leaderRecoveryState=RECOVERED, partitionEpoch=0) (state.change.logger)
[2023-03-24 17:02:34,372] INFO [Controller id=0 epoch=1] Changed partition __consumer_offsets-29 from NewPartition to OnlinePartition with state LeaderAndIsr(leader=0, leaderEpoch=0, isr=List(0), leaderRecoveryState=RECOVERED, partitionEpoch=0) (state.change.logger)
[2023-03-24 17:02:34,372] INFO [Controller id=0 epoch=1] Changed partition __consumer_offsets-34 from NewPartition to OnlinePartition with state LeaderAndIsr(leader=0, leaderEpoch=0, isr=List(0), leaderRecoveryState=RECOVERED, partitionEpoch=0) (state.change.logger)
[2023-03-24 17:02:34,372] INFO [Controller id=0 epoch=1] Changed partition __consumer_offsets-10 from NewPartition to OnlinePartition with state LeaderAndIsr(leader=0, leaderEpoch=0, isr=List(0), leaderRecoveryState=RECOVERED, partitionEpoch=0) (state.change.logger)
[2023-03-24 17:02:34,372] INFO [Controller id=0 epoch=1] Changed partition __consumer_offsets-32 from NewPartition to OnlinePartition with state LeaderAndIsr(leader=0, leaderEpoch=0, isr=List(0), leaderRecoveryState=RECOVERED, partitionEpoch=0) (state.change.logger)
[2023-03-24 17:02:34,372] INFO [Controller id=0 epoch=1] Changed partition __consumer_offsets-40 from NewPartition to OnlinePartition with state LeaderAndIsr(leader=0, leaderEpoch=0, isr=List(0), leaderRecoveryState=RECOVERED, partitionEpoch=0) (state.change.logger)
[2023-03-24 17:02:34,373] INFO [Controller id=0 epoch=1] Sending LeaderAndIsr request to broker 0 with 50 become-leader and 0 become-follower partitions (state.change.logger)
[2023-03-24 17:02:34,374] INFO [Controller id=0 epoch=1] Sending UpdateMetadata request to brokers HashSet(0) for 50 partitions (state.change.logger)
[2023-03-24 17:02:34,378] INFO [Controller id=0 epoch=1] Sending UpdateMetadata request to brokers HashSet() for 0 partitions (state.change.logger)
[2023-03-24 17:02:34,381] INFO [Broker id=0] Handling LeaderAndIsr request correlationId 5 from controller 0 for 50 partitions (state.change.logger)
[2023-03-24 17:02:34,492] INFO [Broker id=0] Stopped fetchers as part of LeaderAndIsr request correlationId 5 from controller 0 epoch 1 as part of the become-leader transition for 50 partitions (state.change.logger)
[2023-03-24 17:02:34,514] INFO [Broker id=0] Leader __consumer_offsets-3 with topic id Some(NoXXla40Q-ev2doSlJ4Gvw) starts at leader epoch 0 from offset 0 with partition epoch 0, high watermark 0, ISR [0], adding replicas [] and removing replicas []. Previous leader epoch was -1. (state.change.logger)
[2023-03-24 17:02:34,537] INFO [Broker id=0] Leader __consumer_offsets-18 with topic id Some(NoXXla40Q-ev2doSlJ4Gvw) starts at leader epoch 0 from offset 0 with partition epoch 0, high watermark 0, ISR [0], adding replicas [] and removing replicas []. Previous leader epoch was -1. (state.change.logger)
[2023-03-24 17:02:34,558] INFO [Broker id=0] Leader __consumer_offsets-41 with topic id Some(NoXXla40Q-ev2doSlJ4Gvw) starts at leader epoch 0 from offset 0 with partition epoch 0, high watermark 0, ISR [0], adding replicas [] and removing replicas []. Previous leader epoch was -1. (state.change.logger)
[2023-03-24 17:02:34,580] INFO [Broker id=0] Leader __consumer_offsets-10 with topic id Some(NoXXla40Q-ev2doSlJ4Gvw) starts at leader epoch 0 from offset 0 with partition epoch 0, high watermark 0, ISR [0], adding replicas [] and removing replicas []. Previous leader epoch was -1. (state.change.logger)
[2023-03-24 17:02:34,602] INFO [Broker id=0] Leader __consumer_offsets-33 with topic id Some(NoXXla40Q-ev2doSlJ4Gvw) starts at leader epoch 0 from offset 0 with partition epoch 0, high watermark 0, ISR [0], adding replicas [] and removing replicas []. Previous leader epoch was -1. (state.change.logger)
[2023-03-24 17:02:34,629] INFO [Broker id=0] Leader __consumer_offsets-48 with topic id Some(NoXXla40Q-ev2doSlJ4Gvw) starts at leader epoch 0 from offset 0 with partition epoch 0, high watermark 0, ISR [0], adding replicas [] and removing replicas []. Previous leader epoch was -1. (state.change.logger)
[2023-03-24 17:02:34,661] INFO [Broker id=0] Leader __consumer_offsets-19 with topic id Some(NoXXla40Q-ev2doSlJ4Gvw) starts at leader epoch 0 from offset 0 with partition epoch 0, high watermark 0, ISR [0], adding replicas [] and removing replicas []. Previous leader epoch was -1. (state.change.logger)
[2023-03-24 17:02:34,680] INFO [Broker id=0] Leader __consumer_offsets-34 with topic id Some(NoXXla40Q-ev2doSlJ4Gvw) starts at leader epoch 0 from offset 0 with partition epoch 0, high watermark 0, ISR [0], adding replicas [] and removing replicas []. Previous leader epoch was -1. (state.change.logger)
[2023-03-24 17:02:34,700] INFO [Broker id=0] Leader __consumer_offsets-4 with topic id Some(NoXXla40Q-ev2doSlJ4Gvw) starts at leader epoch 0 from offset 0 with partition epoch 0, high watermark 0, ISR [0], adding replicas [] and removing replicas []. Previous leader epoch was -1. (state.change.logger)
[2023-03-24 17:02:34,719] INFO [Broker id=0] Leader __consumer_offsets-11 with topic id Some(NoXXla40Q-ev2doSlJ4Gvw) starts at leader epoch 0 from offset 0 with partition epoch 0, high watermark 0, ISR [0], adding replicas [] and removing replicas []. Previous leader epoch was -1. (state.change.logger)
[2023-03-24 17:02:34,737] INFO [Broker id=0] Leader __consumer_offsets-26 with topic id Some(NoXXla40Q-ev2doSlJ4Gvw) starts at leader epoch 0 from offset 0 with partition epoch 0, high watermark 0, ISR [0], adding replicas [] and removing replicas []. Previous leader epoch was -1. (state.change.logger)
[2023-03-24 17:02:34,757] INFO [Broker id=0] Leader __consumer_offsets-49 with topic id Some(NoXXla40Q-ev2doSlJ4Gvw) starts at leader epoch 0 from offset 0 with partition epoch 0, high watermark 0, ISR [0], adding replicas [] and removing replicas []. Previous leader epoch was -1. (state.change.logger)
[2023-03-24 17:02:34,778] INFO [Broker id=0] Leader __consumer_offsets-39 with topic id Some(NoXXla40Q-ev2doSlJ4Gvw) starts at leader epoch 0 from offset 0 with partition epoch 0, high watermark 0, ISR [0], adding replicas [] and removing replicas []. Previous leader epoch was -1. (state.change.logger)
[2023-03-24 17:02:34,800] INFO [Broker id=0] Leader __consumer_offsets-9 with topic id Some(NoXXla40Q-ev2doSlJ4Gvw) starts at leader epoch 0 from offset 0 with partition epoch 0, high watermark 0, ISR [0], adding replicas [] and removing replicas []. Previous leader epoch was -1. (state.change.logger)
[2023-03-24 17:02:34,822] INFO [Broker id=0] Leader __consumer_offsets-24 with topic id Some(NoXXla40Q-ev2doSlJ4Gvw) starts at leader epoch 0 from offset 0 with partition epoch 0, high watermark 0, ISR [0], adding replicas [] and removing replicas []. Previous leader epoch was -1. (state.change.logger)
[2023-03-24 17:02:34,847] INFO [Broker id=0] Leader __consumer_offsets-31 with topic id Some(NoXXla40Q-ev2doSlJ4Gvw) starts at leader epoch 0 from offset 0 with partition epoch 0, high watermark 0, ISR [0], adding replicas [] and removing replicas []. Previous leader epoch was -1. (state.change.logger)
[2023-03-24 17:02:34,879] INFO [Broker id=0] Leader __consumer_offsets-46 with topic id Some(NoXXla40Q-ev2doSlJ4Gvw) starts at leader epoch 0 from offset 0 with partition epoch 0, high watermark 0, ISR [0], adding replicas [] and removing replicas []. Previous leader epoch was -1. (state.change.logger)
[2023-03-24 17:02:34,906] INFO [Broker id=0] Leader __consumer_offsets-1 with topic id Some(NoXXla40Q-ev2doSlJ4Gvw) starts at leader epoch 0 from offset 0 with partition epoch 0, high watermark 0, ISR [0], adding replicas [] and removing replicas []. Previous leader epoch was -1. (state.change.logger)
[2023-03-24 17:02:34,946] INFO [Broker id=0] Leader __consumer_offsets-16 with topic id Some(NoXXla40Q-ev2doSlJ4Gvw) starts at leader epoch 0 from offset 0 with partition epoch 0, high watermark 0, ISR [0], adding replicas [] and removing replicas []. Previous leader epoch was -1. (state.change.logger)
[2023-03-24 17:02:34,981] INFO [Broker id=0] Leader __consumer_offsets-2 with topic id Some(NoXXla40Q-ev2doSlJ4Gvw) starts at leader epoch 0 from offset 0 with partition epoch 0, high watermark 0, ISR [0], adding replicas [] and removing replicas []. Previous leader epoch was -1. (state.change.logger)
[2023-03-24 17:02:35,022] INFO [Broker id=0] Leader __consumer_offsets-25 with topic id Some(NoXXla40Q-ev2doSlJ4Gvw) starts at leader epoch 0 from offset 0 with partition epoch 0, high watermark 0, ISR [0], adding replicas [] and removing replicas []. Previous leader epoch was -1. (state.change.logger)
[2023-03-24 17:02:35,059] INFO [Broker id=0] Leader __consumer_offsets-40 with topic id Some(NoXXla40Q-ev2doSlJ4Gvw) starts at leader epoch 0 from offset 0 with partition epoch 0, high watermark 0, ISR [0], adding replicas [] and removing replicas []. Previous leader epoch was -1. (state.change.logger)
[2023-03-24 17:02:35,098] INFO [Broker id=0] Leader __consumer_offsets-47 with topic id Some(NoXXla40Q-ev2doSlJ4Gvw) starts at leader epoch 0 from offset 0 with partition epoch 0, high watermark 0, ISR [0], adding replicas [] and removing replicas []. Previous leader epoch was -1. (state.change.logger)
[2023-03-24 17:02:35,118] INFO [Broker id=0] Leader __consumer_offsets-17 with topic id Some(NoXXla40Q-ev2doSlJ4Gvw) starts at leader epoch 0 from offset 0 with partition epoch 0, high watermark 0, ISR [0], adding replicas [] and removing replicas []. Previous leader epoch was -1. (state.change.logger)
[2023-03-24 17:02:35,142] INFO [Broker id=0] Leader __consumer_offsets-32 with topic id Some(NoXXla40Q-ev2doSlJ4Gvw) starts at leader epoch 0 from offset 0 with partition epoch 0, high watermark 0, ISR [0], adding replicas [] and removing replicas []. Previous leader epoch was -1. (state.change.logger)
[2023-03-24 17:02:35,166] INFO [Broker id=0] Leader __consumer_offsets-37 with topic id Some(NoXXla40Q-ev2doSlJ4Gvw) starts at leader epoch 0 from offset 0 with partition epoch 0, high watermark 0, ISR [0], adding replicas [] and removing replicas []. Previous leader epoch was -1. (state.change.logger)
[2023-03-24 17:02:35,219] INFO [Broker id=0] Leader __consumer_offsets-7 with topic id Some(NoXXla40Q-ev2doSlJ4Gvw) starts at leader epoch 0 from offset 0 with partition epoch 0, high watermark 0, ISR [0], adding replicas [] and removing replicas []. Previous leader epoch was -1. (state.change.logger)
[2023-03-24 17:02:35,269] INFO [Broker id=0] Leader __consumer_offsets-22 with topic id Some(NoXXla40Q-ev2doSlJ4Gvw) starts at leader epoch 0 from offset 0 with partition epoch 0, high watermark 0, ISR [0], adding replicas [] and removing replicas []. Previous leader epoch was -1. (state.change.logger)
[2023-03-24 17:02:35,364] INFO [Broker id=0] Leader __consumer_offsets-29 with topic id Some(NoXXla40Q-ev2doSlJ4Gvw) starts at leader epoch 0 from offset 0 with partition epoch 0, high watermark 0, ISR [0], adding replicas [] and removing replicas []. Previous leader epoch was -1. (state.change.logger)
[2023-03-24 17:02:35,429] INFO [Broker id=0] Leader __consumer_offsets-44 with topic id Some(NoXXla40Q-ev2doSlJ4Gvw) starts at leader epoch 0 from offset 0 with partition epoch 0, high watermark 0, ISR [0], adding replicas [] and removing replicas []. Previous leader epoch was -1. (state.change.logger)
[2023-03-24 17:02:35,499] INFO [Broker id=0] Leader __consumer_offsets-14 with topic id Some(NoXXla40Q-ev2doSlJ4Gvw) starts at leader epoch 0 from offset 0 with partition epoch 0, high watermark 0, ISR [0], adding replicas [] and removing replicas []. Previous leader epoch was -1. (state.change.logger)
[2023-03-24 17:02:35,537] INFO [Broker id=0] Leader __consumer_offsets-23 with topic id Some(NoXXla40Q-ev2doSlJ4Gvw) starts at leader epoch 0 from offset 0 with partition epoch 0, high watermark 0, ISR [0], adding replicas [] and removing replicas []. Previous leader epoch was -1. (state.change.logger)
[2023-03-24 17:02:35,570] INFO [Broker id=0] Leader __consumer_offsets-38 with topic id Some(NoXXla40Q-ev2doSlJ4Gvw) starts at leader epoch 0 from offset 0 with partition epoch 0, high watermark 0, ISR [0], adding replicas [] and removing replicas []. Previous leader epoch was -1. (state.change.logger)
[2023-03-24 17:02:35,605] INFO [Broker id=0] Leader __consumer_offsets-8 with topic id Some(NoXXla40Q-ev2doSlJ4Gvw) starts at leader epoch 0 from offset 0 with partition epoch 0, high watermark 0, ISR [0], adding replicas [] and removing replicas []. Previous leader epoch was -1. (state.change.logger)
[2023-03-24 17:02:35,634] INFO [Broker id=0] Leader __consumer_offsets-45 with topic id Some(NoXXla40Q-ev2doSlJ4Gvw) starts at leader epoch 0 from offset 0 with partition epoch 0, high watermark 0, ISR [0], adding replicas [] and removing replicas []. Previous leader epoch was -1. (state.change.logger)
[2023-03-24 17:02:35,656] INFO [Broker id=0] Leader __consumer_offsets-15 with topic id Some(NoXXla40Q-ev2doSlJ4Gvw) starts at leader epoch 0 from offset 0 with partition epoch 0, high watermark 0, ISR [0], adding replicas [] and removing replicas []. Previous leader epoch was -1. (state.change.logger)
[2023-03-24 17:02:35,690] INFO [Broker id=0] Leader __consumer_offsets-30 with topic id Some(NoXXla40Q-ev2doSlJ4Gvw) starts at leader epoch 0 from offset 0 with partition epoch 0, high watermark 0, ISR [0], adding replicas [] and removing replicas []. Previous leader epoch was -1. (state.change.logger)
[2023-03-24 17:02:35,717] INFO [Broker id=0] Leader __consumer_offsets-0 with topic id Some(NoXXla40Q-ev2doSlJ4Gvw) starts at leader epoch 0 from offset 0 with partition epoch 0, high watermark 0, ISR [0], adding replicas [] and removing replicas []. Previous leader epoch was -1. (state.change.logger)
[2023-03-24 17:02:35,756] INFO [Broker id=0] Leader __consumer_offsets-35 with topic id Some(NoXXla40Q-ev2doSlJ4Gvw) starts at leader epoch 0 from offset 0 with partition epoch 0, high watermark 0, ISR [0], adding replicas [] and removing replicas []. Previous leader epoch was -1. (state.change.logger)
[2023-03-24 17:02:35,788] INFO [Broker id=0] Leader __consumer_offsets-5 with topic id Some(NoXXla40Q-ev2doSlJ4Gvw) starts at leader epoch 0 from offset 0 with partition epoch 0, high watermark 0, ISR [0], adding replicas [] and removing replicas []. Previous leader epoch was -1. (state.change.logger)
[2023-03-24 17:02:35,821] INFO [Broker id=0] Leader __consumer_offsets-20 with topic id Some(NoXXla40Q-ev2doSlJ4Gvw) starts at leader epoch 0 from offset 0 with partition epoch 0, high watermark 0, ISR [0], adding replicas [] and removing replicas []. Previous leader epoch was -1. (state.change.logger)
[2023-03-24 17:02:35,852] INFO [Broker id=0] Leader __consumer_offsets-27 with topic id Some(NoXXla40Q-ev2doSlJ4Gvw) starts at leader epoch 0 from offset 0 with partition epoch 0, high watermark 0, ISR [0], adding replicas [] and removing replicas []. Previous leader epoch was -1. (state.change.logger)
[2023-03-24 17:02:35,870] INFO [Broker id=0] Leader __consumer_offsets-42 with topic id Some(NoXXla40Q-ev2doSlJ4Gvw) starts at leader epoch 0 from offset 0 with partition epoch 0, high watermark 0, ISR [0], adding replicas [] and removing replicas []. Previous leader epoch was -1. (state.change.logger)
[2023-03-24 17:02:35,891] INFO [Broker id=0] Leader __consumer_offsets-12 with topic id Some(NoXXla40Q-ev2doSlJ4Gvw) starts at leader epoch 0 from offset 0 with partition epoch 0, high watermark 0, ISR [0], adding replicas [] and removing replicas []. Previous leader epoch was -1. (state.change.logger)
[2023-03-24 17:02:35,911] INFO [Broker id=0] Leader __consumer_offsets-21 with topic id Some(NoXXla40Q-ev2doSlJ4Gvw) starts at leader epoch 0 from offset 0 with partition epoch 0, high watermark 0, ISR [0], adding replicas [] and removing replicas []. Previous leader epoch was -1. (state.change.logger)
[2023-03-24 17:02:35,933] INFO [Broker id=0] Leader __consumer_offsets-36 with topic id Some(NoXXla40Q-ev2doSlJ4Gvw) starts at leader epoch 0 from offset 0 with partition epoch 0, high watermark 0, ISR [0], adding replicas [] and removing replicas []. Previous leader epoch was -1. (state.change.logger)
[2023-03-24 17:02:35,955] INFO [Broker id=0] Leader __consumer_offsets-6 with topic id Some(NoXXla40Q-ev2doSlJ4Gvw) starts at leader epoch 0 from offset 0 with partition epoch 0, high watermark 0, ISR [0], adding replicas [] and removing replicas []. Previous leader epoch was -1. (state.change.logger)
[2023-03-24 17:02:35,972] INFO [Broker id=0] Leader __consumer_offsets-43 with topic id Some(NoXXla40Q-ev2doSlJ4Gvw) starts at leader epoch 0 from offset 0 with partition epoch 0, high watermark 0, ISR [0], adding replicas [] and removing replicas []. Previous leader epoch was -1. (state.change.logger)
[2023-03-24 17:02:35,991] INFO [Broker id=0] Leader __consumer_offsets-13 with topic id Some(NoXXla40Q-ev2doSlJ4Gvw) starts at leader epoch 0 from offset 0 with partition epoch 0, high watermark 0, ISR [0], adding replicas [] and removing replicas []. Previous leader epoch was -1. (state.change.logger)
[2023-03-24 17:02:36,010] INFO [Broker id=0] Leader __consumer_offsets-28 with topic id Some(NoXXla40Q-ev2doSlJ4Gvw) starts at leader epoch 0 from offset 0 with partition epoch 0, high watermark 0, ISR [0], adding replicas [] and removing replicas []. Previous leader epoch was -1. (state.change.logger)
[2023-03-24 17:02:36,044] INFO [Broker id=0] Finished LeaderAndIsr request in 1664ms correlationId 5 from controller 0 for 50 partitions (state.change.logger)
[2023-03-24 17:02:36,055] INFO [Broker id=0] Add 50 partitions and deleted 0 partitions from metadata cache in response to UpdateMetadata request sent by controller 0 epoch 1 with correlation id 6 (state.change.logger)
